TN:test
SF:/Users/monke/Containers_CPP/src/s21_list/s21_list.cc
FN:104,118,_ZN3s214listINSt3__112basic_stringIcNS1_11char_traitsIcEENS1_9allocatorIcEEEEE5clearEv
FN:104,118,_ZN3s214listIZN44copy_constructor_suite_struct_true_test_Test8TestBodyEvE11test_structE5clearEv
FN:104,118,_ZN3s214listIZN44move_constructor_suite_struct_true_test_Test8TestBodyEvE11test_structE5clearEv
FN:104,118,_ZN3s214listIZN47default_constructor_suite_struct_true_test_Test8TestBodyEvE11test_structE5clearEv
FN:104,118,_ZN3s214listIZN51initializer_constructor_suite_struct_true_test_Test8TestBodyEvE11test_structE5clearEv
FN:104,118,_ZN3s214listIZN53move_operator_constructor_suite_struct_true_test_Test8TestBodyEvE11test_structE5clearEv
FN:104,118,_ZN3s214listIZN53parameterized_constructor_suite_struct_true_test_Test8TestBodyEvE11test_structE5clearEv
FN:104,118,_ZN3s214listIdE5clearEv
FN:104,118,_ZN3s214listIfE5clearEv
FN:104,118,_ZN3s214listIiE5clearEv
FN:121,152,_ZN3s214listIiE6insertENS1_12ListIteratorERKi
FN:156,174,_ZN3s214listINSt3__112basic_stringIcNS1_11char_traitsIcEENS1_9allocatorIcEEEEE5eraseENS8_12ListIteratorE
FN:156,174,_ZN3s214listIiE5eraseENS1_12ListIteratorE
FN:16,21,_ZN3s214listINSt3__112basic_stringIcNS1_11char_traitsIcEENS1_9allocatorIcEEEEEC1ERKSt16initializer_listIS7_E
FN:16,21,_ZN3s214listINSt3__112basic_stringIcNS1_11char_traitsIcEENS1_9allocatorIcEEEEEC2ERKSt16initializer_listIS7_E
FN:16,21,_ZN3s214listIZN44move_constructor_suite_struct_true_test_Test8TestBodyEvE11test_structEC1ERKSt16initializer_listIS2_E
FN:16,21,_ZN3s214listIZN44move_constructor_suite_struct_true_test_Test8TestBodyEvE11test_structEC2ERKSt16initializer_listIS2_E
FN:16,21,_ZN3s214listIZN51initializer_constructor_suite_struct_true_test_Test8TestBodyEvE11test_structEC1ERKSt16initializer_listIS2_E
FN:16,21,_ZN3s214listIZN51initializer_constructor_suite_struct_true_test_Test8TestBodyEvE11test_structEC2ERKSt16initializer_listIS2_E
FN:16,21,_ZN3s214listIZN53move_operator_constructor_suite_struct_true_test_Test8TestBodyEvE11test_structEC1ERKSt16initializer_listIS2_E
FN:16,21,_ZN3s214listIZN53move_operator_constructor_suite_struct_true_test_Test8TestBodyEvE11test_structEC2ERKSt16initializer_listIS2_E
FN:16,21,_ZN3s214listIdEC1ERKSt16initializer_listIdE
FN:16,21,_ZN3s214listIdEC2ERKSt16initializer_listIdE
FN:16,21,_ZN3s214listIfEC1ERKSt16initializer_listIfE
FN:16,21,_ZN3s214listIfEC2ERKSt16initializer_listIfE
FN:16,21,_ZN3s214listIiEC1ERKSt16initializer_listIiE
FN:16,21,_ZN3s214listIiEC2ERKSt16initializer_listIiE
FN:177,193,_ZN3s214listINSt3__112basic_stringIcNS1_11char_traitsIcEENS1_9allocatorIcEEEEE9push_backERKS7_
FN:177,193,_ZN3s214listIZN44copy_constructor_suite_struct_true_test_Test8TestBodyEvE11test_structE9push_backERKS2_
FN:177,193,_ZN3s214listIZN44move_constructor_suite_struct_true_test_Test8TestBodyEvE11test_structE9push_backERKS2_
FN:177,193,_ZN3s214listIZN51initializer_constructor_suite_struct_true_test_Test8TestBodyEvE11test_structE9push_backERKS2_
FN:177,193,_ZN3s214listIZN53move_operator_constructor_suite_struct_true_test_Test8TestBodyEvE11test_structE9push_backERKS2_
FN:177,193,_ZN3s214listIZN53parameterized_constructor_suite_struct_true_test_Test8TestBodyEvE11test_structE9push_backERKS2_
FN:177,193,_ZN3s214listIdE9push_backERKd
FN:177,193,_ZN3s214listIfE9push_backERKf
FN:177,193,_ZN3s214listIiE9push_backERKi
FN:196,210,_ZN3s214listIiE8pop_backEv
FN:213,229,_ZN3s214listIiE10push_frontERKi
FN:232,246,_ZN3s214listIiE9pop_frontEv
FN:24,29,_ZN3s214listIZN44copy_constructor_suite_struct_true_test_Test8TestBodyEvE11test_structEC1ERKS3_
FN:24,29,_ZN3s214listIZN44copy_constructor_suite_struct_true_test_Test8TestBodyEvE11test_structEC2ERKS3_
FN:24,29,_ZN3s214listIZN53move_operator_constructor_suite_struct_true_test_Test8TestBodyEvE11test_structEC1ERKS3_
FN:24,29,_ZN3s214listIZN53move_operator_constructor_suite_struct_true_test_Test8TestBodyEvE11test_structEC2ERKS3_
FN:24,29,_ZN3s214listIdEC1ERKS1_
FN:24,29,_ZN3s214listIdEC2ERKS1_
FN:24,29,_ZN3s214listIfEC1ERKS1_
FN:24,29,_ZN3s214listIfEC2ERKS1_
FN:24,29,_ZN3s214listIiEC1ERKS1_
FN:24,29,_ZN3s214listIiEC2ERKS1_
FN:249,254,_ZN3s214listIiE4swapERS1_
FN:257,268,_ZN3s214listIiE5mergeERS1_
FN:271,281,_ZN3s214listIiE6spliceENS1_12ListIteratorERS1_
FN:284,298,_ZN3s214listINSt3__112basic_stringIcNS1_11char_traitsIcEENS1_9allocatorIcEEEEE6uniqueEv
FN:284,298,_ZN3s214listIiE6uniqueEv
FN:301,311,_ZN3s214listINSt3__112basic_stringIcNS1_11char_traitsIcEENS1_9allocatorIcEEEEE7reverseEv
FN:301,311,_ZN3s214listIfE7reverseEv
FN:301,311,_ZN3s214listIiE7reverseEv
FN:318,321,_ZN3s214listINSt3__112basic_stringIcNS1_11char_traitsIcEENS1_9allocatorIcEEEEE12ListIteratoraSERNS8_5node_E
FN:318,321,_ZN3s214listIZN44copy_constructor_suite_struct_true_test_Test8TestBodyEvE11test_structE12ListIteratoraSERNS3_5node_E
FN:318,321,_ZN3s214listIZN53move_operator_constructor_suite_struct_true_test_Test8TestBodyEvE11test_structE12ListIteratoraSERNS3_5node_E
FN:318,321,_ZN3s214listIdE12ListIteratoraSERNS1_5node_E
FN:318,321,_ZN3s214listIfE12ListIteratoraSERNS1_5node_E
FN:318,321,_ZN3s214listIiE12ListIteratoraSERNS1_5node_E
FN:32,34,_ZN3s214listIZN44move_constructor_suite_struct_true_test_Test8TestBodyEvE11test_structEC1EOS3_
FN:32,34,_ZN3s214listIZN44move_constructor_suite_struct_true_test_Test8TestBodyEvE11test_structEC2EOS3_
FN:32,34,_ZN3s214listIdEC1EOS1_
FN:32,34,_ZN3s214listIdEC2EOS1_
FN:32,34,_ZN3s214listIfEC1EOS1_
FN:32,34,_ZN3s214listIfEC2EOS1_
FN:32,34,_ZN3s214listIiEC1EOS1_
FN:32,34,_ZN3s214listIiEC2EOS1_
FN:324,326,_ZN3s214listINSt3__112basic_stringIcNS1_11char_traitsIcEENS1_9allocatorIcEEEEE12ListIteratordeEv
FN:324,326,_ZN3s214listIZN44copy_constructor_suite_struct_true_test_Test8TestBodyEvE11test_structE12ListIteratordeEv
FN:324,326,_ZN3s214listIZN53move_operator_constructor_suite_struct_true_test_Test8TestBodyEvE11test_structE12ListIteratordeEv
FN:324,326,_ZN3s214listIdE12ListIteratordeEv
FN:324,326,_ZN3s214listIfE12ListIteratordeEv
FN:324,326,_ZN3s214listIiE12ListIteratordeEv
FN:330,335,_ZN3s214listINSt3__112basic_stringIcNS1_11char_traitsIcEENS1_9allocatorIcEEEEE12ListIteratorppEv
FN:330,335,_ZN3s214listIZN44copy_constructor_suite_struct_true_test_Test8TestBodyEvE11test_structE12ListIteratorppEv
FN:330,335,_ZN3s214listIZN53move_operator_constructor_suite_struct_true_test_Test8TestBodyEvE11test_structE12ListIteratorppEv
FN:330,335,_ZN3s214listIdE12ListIteratorppEv
FN:330,335,_ZN3s214listIfE12ListIteratorppEv
FN:330,335,_ZN3s214listIiE12ListIteratorppEv
FN:338,340,_ZN3s214listIiE12ListIteratorppEi
FN:343,348,_ZN3s214listIiE12ListIteratormmEv
FN:351,353,_ZN3s214listIiE12ListIteratormmEi
FN:362,364,_ZN3s214listINSt3__112basic_stringIcNS1_11char_traitsIcEENS1_9allocatorIcEEEEE12ListIteratorneES9_
FN:362,364,_ZN3s214listIZN44copy_constructor_suite_struct_true_test_Test8TestBodyEvE11test_structE12ListIteratorneES4_
FN:362,364,_ZN3s214listIZN53move_operator_constructor_suite_struct_true_test_Test8TestBodyEvE11test_structE12ListIteratorneES4_
FN:362,364,_ZN3s214listIdE12ListIteratorneES2_
FN:362,364,_ZN3s214listIfE12ListIteratorneES2_
FN:362,364,_ZN3s214listIiE12ListIteratorneES2_
FN:369,378,_ZN3s214listIZN44move_constructor_suite_struct_true_test_Test8TestBodyEvE11test_structE8MoveListERS3_
FN:369,378,_ZN3s214listIdE8MoveListERS1_
FN:369,378,_ZN3s214listIfE8MoveListERS1_
FN:369,378,_ZN3s214listIiE8MoveListERS1_
FN:37,39,_ZN3s214listINSt3__112basic_stringIcNS1_11char_traitsIcEENS1_9allocatorIcEEEEED1Ev
FN:37,39,_ZN3s214listINSt3__112basic_stringIcNS1_11char_traitsIcEENS1_9allocatorIcEEEEED2Ev
FN:37,39,_ZN3s214listIZN44copy_constructor_suite_struct_true_test_Test8TestBodyEvE11test_structED1Ev
FN:37,39,_ZN3s214listIZN44copy_constructor_suite_struct_true_test_Test8TestBodyEvE11test_structED2Ev
FN:37,39,_ZN3s214listIZN44move_constructor_suite_struct_true_test_Test8TestBodyEvE11test_structED1Ev
FN:37,39,_ZN3s214listIZN44move_constructor_suite_struct_true_test_Test8TestBodyEvE11test_structED2Ev
FN:37,39,_ZN3s214listIZN47default_constructor_suite_struct_true_test_Test8TestBodyEvE11test_structED1Ev
FN:37,39,_ZN3s214listIZN47default_constructor_suite_struct_true_test_Test8TestBodyEvE11test_structED2Ev
FN:37,39,_ZN3s214listIZN51initializer_constructor_suite_struct_true_test_Test8TestBodyEvE11test_structED1Ev
FN:37,39,_ZN3s214listIZN51initializer_constructor_suite_struct_true_test_Test8TestBodyEvE11test_structED2Ev
FN:37,39,_ZN3s214listIZN53move_operator_constructor_suite_struct_true_test_Test8TestBodyEvE11test_structED1Ev
FN:37,39,_ZN3s214listIZN53move_operator_constructor_suite_struct_true_test_Test8TestBodyEvE11test_structED2Ev
FN:37,39,_ZN3s214listIZN53parameterized_constructor_suite_struct_true_test_Test8TestBodyEvE11test_structED1Ev
FN:37,39,_ZN3s214listIZN53parameterized_constructor_suite_struct_true_test_Test8TestBodyEvE11test_structED2Ev
FN:37,39,_ZN3s214listIdED1Ev
FN:37,39,_ZN3s214listIdED2Ev
FN:37,39,_ZN3s214listIfED1Ev
FN:37,39,_ZN3s214listIfED2Ev
FN:37,39,_ZN3s214listIiED1Ev
FN:37,39,_ZN3s214listIiED2Ev
FN:5,5,_ZN3s214listINSt3__112basic_stringIcNS1_11char_traitsIcEENS1_9allocatorIcEEEEEC1Ev
FN:5,5,_ZN3s214listINSt3__112basic_stringIcNS1_11char_traitsIcEENS1_9allocatorIcEEEEEC2Ev
FN:5,5,_ZN3s214listIZN47default_constructor_suite_struct_true_test_Test8TestBodyEvE11test_structEC1Ev
FN:5,5,_ZN3s214listIZN47default_constructor_suite_struct_true_test_Test8TestBodyEvE11test_structEC2Ev
FN:5,5,_ZN3s214listIdEC1Ev
FN:5,5,_ZN3s214listIdEC2Ev
FN:5,5,_ZN3s214listIfEC1Ev
FN:5,5,_ZN3s214listIfEC2Ev
FN:5,5,_ZN3s214listIiEC1Ev
FN:5,5,_ZN3s214listIiEC2Ev
FN:50,56,_ZNK3s214listIiE5frontEv
FN:59,68,_ZNK3s214listIiE4backEv
FN:69,75,_ZNK3s214listINSt3__112basic_stringIcNS1_11char_traitsIcEENS1_9allocatorIcEEEEE5beginEv
FN:69,75,_ZNK3s214listIZN44copy_constructor_suite_struct_true_test_Test8TestBodyEvE11test_structE5beginEv
FN:69,75,_ZNK3s214listIZN53move_operator_constructor_suite_struct_true_test_Test8TestBodyEvE11test_structE5beginEv
FN:69,75,_ZNK3s214listIdE5beginEv
FN:69,75,_ZNK3s214listIfE5beginEv
FN:69,75,_ZNK3s214listIiE5beginEv
FN:78,84,_ZNK3s214listINSt3__112basic_stringIcNS1_11char_traitsIcEENS1_9allocatorIcEEEEE3endEv
FN:78,84,_ZNK3s214listIZN44copy_constructor_suite_struct_true_test_Test8TestBodyEvE11test_structE3endEv
FN:78,84,_ZNK3s214listIZN53move_operator_constructor_suite_struct_true_test_Test8TestBodyEvE11test_structE3endEv
FN:78,84,_ZNK3s214listIdE3endEv
FN:78,84,_ZNK3s214listIfE3endEv
FN:78,84,_ZNK3s214listIiE3endEv
FN:8,13,_ZN3s214listIZN44copy_constructor_suite_struct_true_test_Test8TestBodyEvE11test_structEC1Em
FN:8,13,_ZN3s214listIZN44copy_constructor_suite_struct_true_test_Test8TestBodyEvE11test_structEC2Em
FN:8,13,_ZN3s214listIZN53parameterized_constructor_suite_struct_true_test_Test8TestBodyEvE11test_structEC1Em
FN:8,13,_ZN3s214listIZN53parameterized_constructor_suite_struct_true_test_Test8TestBodyEvE11test_structEC2Em
FN:8,13,_ZN3s214listIdEC1Em
FN:8,13,_ZN3s214listIdEC2Em
FN:8,13,_ZN3s214listIfEC1Em
FN:8,13,_ZN3s214listIfEC2Em
FN:8,13,_ZN3s214listIiEC1Em
FN:8,13,_ZN3s214listIiEC2Em
FN:88,89,_ZN3s214listINSt3__112basic_stringIcNS1_11char_traitsIcEENS1_9allocatorIcEEEEE5emptyEv
FN:88,89,_ZN3s214listIZN44copy_constructor_suite_struct_true_test_Test8TestBodyEvE11test_structE5emptyEv
FN:88,89,_ZN3s214listIZN44move_constructor_suite_struct_true_test_Test8TestBodyEvE11test_structE5emptyEv
FN:88,89,_ZN3s214listIZN47default_constructor_suite_struct_true_test_Test8TestBodyEvE11test_structE5emptyEv
FN:88,89,_ZN3s214listIZN51initializer_constructor_suite_struct_true_test_Test8TestBodyEvE11test_structE5emptyEv
FN:88,89,_ZN3s214listIZN53move_operator_constructor_suite_struct_true_test_Test8TestBodyEvE11test_structE5emptyEv
FN:88,89,_ZN3s214listIZN53parameterized_constructor_suite_struct_true_test_Test8TestBodyEvE11test_structE5emptyEv
FN:88,89,_ZN3s214listIdE5emptyEv
FN:88,89,_ZN3s214listIfE5emptyEv
FN:88,89,_ZN3s214listIiE5emptyEv
FN:93,94,_ZN3s214listINSt3__112basic_stringIcNS1_11char_traitsIcEENS1_9allocatorIcEEEEE4sizeEv
FN:93,94,_ZN3s214listIZN44copy_constructor_suite_struct_true_test_Test8TestBodyEvE11test_structE4sizeEv
FN:93,94,_ZN3s214listIZN44move_constructor_suite_struct_true_test_Test8TestBodyEvE11test_structE4sizeEv
FN:93,94,_ZN3s214listIZN47default_constructor_suite_struct_true_test_Test8TestBodyEvE11test_structE4sizeEv
FN:93,94,_ZN3s214listIZN51initializer_constructor_suite_struct_true_test_Test8TestBodyEvE11test_structE4sizeEv
FN:93,94,_ZN3s214listIZN53move_operator_constructor_suite_struct_true_test_Test8TestBodyEvE11test_structE4sizeEv
FN:93,94,_ZN3s214listIZN53parameterized_constructor_suite_struct_true_test_Test8TestBodyEvE11test_structE4sizeEv
FN:93,94,_ZN3s214listIdE4sizeEv
FN:93,94,_ZN3s214listIfE4sizeEv
FN:93,94,_ZN3s214listIiE4sizeEv
FNDA:3,_ZN3s214listINSt3__112basic_stringIcNS1_11char_traitsIcEENS1_9allocatorIcEEEEE5clearEv
FNDA:2,_ZN3s214listIZN44copy_constructor_suite_struct_true_test_Test8TestBodyEvE11test_structE5clearEv
FNDA:2,_ZN3s214listIZN44move_constructor_suite_struct_true_test_Test8TestBodyEvE11test_structE5clearEv
FNDA:1,_ZN3s214listIZN47default_constructor_suite_struct_true_test_Test8TestBodyEvE11test_structE5clearEv
FNDA:1,_ZN3s214listIZN51initializer_constructor_suite_struct_true_test_Test8TestBodyEvE11test_structE5clearEv
FNDA:2,_ZN3s214listIZN53move_operator_constructor_suite_struct_true_test_Test8TestBodyEvE11test_structE5clearEv
FNDA:1,_ZN3s214listIZN53parameterized_constructor_suite_struct_true_test_Test8TestBodyEvE11test_structE5clearEv
FNDA:9,_ZN3s214listIdE5clearEv
FNDA:10,_ZN3s214listIfE5clearEv
FNDA:71,_ZN3s214listIiE5clearEv
FNDA:9,_ZN3s214listIiE6insertENS1_12ListIteratorERKi
FNDA:4,_ZN3s214listINSt3__112basic_stringIcNS1_11char_traitsIcEENS1_9allocatorIcEEEEE5eraseENS8_12ListIteratorE
FNDA:8,_ZN3s214listIiE5eraseENS1_12ListIteratorE
FNDA:2,_ZN3s214listINSt3__112basic_stringIcNS1_11char_traitsIcEENS1_9allocatorIcEEEEEC1ERKSt16initializer_listIS7_E
FNDA:2,_ZN3s214listINSt3__112basic_stringIcNS1_11char_traitsIcEENS1_9allocatorIcEEEEEC2ERKSt16initializer_listIS7_E
FNDA:1,_ZN3s214listIZN44move_constructor_suite_struct_true_test_Test8TestBodyEvE11test_structEC1ERKSt16initializer_listIS2_E
FNDA:1,_ZN3s214listIZN44move_constructor_suite_struct_true_test_Test8TestBodyEvE11test_structEC2ERKSt16initializer_listIS2_E
FNDA:1,_ZN3s214listIZN51initializer_constructor_suite_struct_true_test_Test8TestBodyEvE11test_structEC1ERKSt16initializer_listIS2_E
FNDA:1,_ZN3s214listIZN51initializer_constructor_suite_struct_true_test_Test8TestBodyEvE11test_structEC2ERKSt16initializer_listIS2_E
FNDA:1,_ZN3s214listIZN53move_operator_constructor_suite_struct_true_test_Test8TestBodyEvE11test_structEC1ERKSt16initializer_listIS2_E
FNDA:1,_ZN3s214listIZN53move_operator_constructor_suite_struct_true_test_Test8TestBodyEvE11test_structEC2ERKSt16initializer_listIS2_E
FNDA:3,_ZN3s214listIdEC1ERKSt16initializer_listIdE
FNDA:3,_ZN3s214listIdEC2ERKSt16initializer_listIdE
FNDA:3,_ZN3s214listIfEC1ERKSt16initializer_listIfE
FNDA:3,_ZN3s214listIfEC2ERKSt16initializer_listIfE
FNDA:45,_ZN3s214listIiEC1ERKSt16initializer_listIiE
FNDA:45,_ZN3s214listIiEC2ERKSt16initializer_listIiE
FNDA:10,_ZN3s214listINSt3__112basic_stringIcNS1_11char_traitsIcEENS1_9allocatorIcEEEEE9push_backERKS7_
FNDA:10,_ZN3s214listIZN44copy_constructor_suite_struct_true_test_Test8TestBodyEvE11test_structE9push_backERKS2_
FNDA:5,_ZN3s214listIZN44move_constructor_suite_struct_true_test_Test8TestBodyEvE11test_structE9push_backERKS2_
FNDA:5,_ZN3s214listIZN51initializer_constructor_suite_struct_true_test_Test8TestBodyEvE11test_structE9push_backERKS2_
FNDA:10,_ZN3s214listIZN53move_operator_constructor_suite_struct_true_test_Test8TestBodyEvE11test_structE9push_backERKS2_
FNDA:5,_ZN3s214listIZN53parameterized_constructor_suite_struct_true_test_Test8TestBodyEvE11test_structE9push_backERKS2_
FNDA:29,_ZN3s214listIdE9push_backERKd
FNDA:29,_ZN3s214listIfE9push_backERKf
FNDA:249,_ZN3s214listIiE9push_backERKi
FNDA:4,_ZN3s214listIiE8pop_backEv
FNDA:5,_ZN3s214listIiE10push_frontERKi
FNDA:4,_ZN3s214listIiE9pop_frontEv
FNDA:1,_ZN3s214listIZN44copy_constructor_suite_struct_true_test_Test8TestBodyEvE11test_structEC1ERKS3_
FNDA:1,_ZN3s214listIZN44copy_constructor_suite_struct_true_test_Test8TestBodyEvE11test_structEC2ERKS3_
FNDA:1,_ZN3s214listIZN53move_operator_constructor_suite_struct_true_test_Test8TestBodyEvE11test_structEC1ERKS3_
FNDA:1,_ZN3s214listIZN53move_operator_constructor_suite_struct_true_test_Test8TestBodyEvE11test_structEC2ERKS3_
FNDA:2,_ZN3s214listIdEC1ERKS1_
FNDA:2,_ZN3s214listIdEC2ERKS1_
FNDA:2,_ZN3s214listIfEC1ERKS1_
FNDA:2,_ZN3s214listIfEC2ERKS1_
FNDA:2,_ZN3s214listIiEC1ERKS1_
FNDA:2,_ZN3s214listIiEC2ERKS1_
FNDA:3,_ZN3s214listIiE4swapERS1_
FNDA:2,_ZN3s214listIiE5mergeERS1_
FNDA:1,_ZN3s214listIiE6spliceENS1_12ListIteratorERS1_
FNDA:2,_ZN3s214listINSt3__112basic_stringIcNS1_11char_traitsIcEENS1_9allocatorIcEEEEE6uniqueEv
FNDA:1,_ZN3s214listIiE6uniqueEv
FNDA:1,_ZN3s214listINSt3__112basic_stringIcNS1_11char_traitsIcEENS1_9allocatorIcEEEEE7reverseEv
FNDA:1,_ZN3s214listIfE7reverseEv
FNDA:1,_ZN3s214listIiE7reverseEv
FNDA:18,_ZN3s214listINSt3__112basic_stringIcNS1_11char_traitsIcEENS1_9allocatorIcEEEEE12ListIteratoraSERNS8_5node_E
FNDA:7,_ZN3s214listIZN44copy_constructor_suite_struct_true_test_Test8TestBodyEvE11test_structE12ListIteratoraSERNS3_5node_E
FNDA:7,_ZN3s214listIZN53move_operator_constructor_suite_struct_true_test_Test8TestBodyEvE11test_structE12ListIteratoraSERNS3_5node_E
FNDA:12,_ZN3s214listIdE12ListIteratoraSERNS1_5node_E
FNDA:12,_ZN3s214listIfE12ListIteratoraSERNS1_5node_E
FNDA:126,_ZN3s214listIiE12ListIteratoraSERNS1_5node_E
FNDA:1,_ZN3s214listIZN44move_constructor_suite_struct_true_test_Test8TestBodyEvE11test_structEC1EOS3_
FNDA:1,_ZN3s214listIZN44move_constructor_suite_struct_true_test_Test8TestBodyEvE11test_structEC2EOS3_
FNDA:1,_ZN3s214listIdEC1EOS1_
FNDA:1,_ZN3s214listIdEC2EOS1_
FNDA:1,_ZN3s214listIfEC1EOS1_
FNDA:1,_ZN3s214listIfEC2EOS1_
FNDA:1,_ZN3s214listIiEC1EOS1_
FNDA:1,_ZN3s214listIiEC2EOS1_
FNDA:20,_ZN3s214listINSt3__112basic_stringIcNS1_11char_traitsIcEENS1_9allocatorIcEEEEE12ListIteratordeEv
FNDA:5,_ZN3s214listIZN44copy_constructor_suite_struct_true_test_Test8TestBodyEvE11test_structE12ListIteratordeEv
FNDA:5,_ZN3s214listIZN53move_operator_constructor_suite_struct_true_test_Test8TestBodyEvE11test_structE12ListIteratordeEv
FNDA:8,_ZN3s214listIdE12ListIteratordeEv
FNDA:8,_ZN3s214listIfE12ListIteratordeEv
FNDA:106,_ZN3s214listIiE12ListIteratordeEv
FNDA:16,_ZN3s214listINSt3__112basic_stringIcNS1_11char_traitsIcEENS1_9allocatorIcEEEEE12ListIteratorppEv
FNDA:5,_ZN3s214listIZN44copy_constructor_suite_struct_true_test_Test8TestBodyEvE11test_structE12ListIteratorppEv
FNDA:5,_ZN3s214listIZN53move_operator_constructor_suite_struct_true_test_Test8TestBodyEvE11test_structE12ListIteratorppEv
FNDA:8,_ZN3s214listIdE12ListIteratorppEv
FNDA:8,_ZN3s214listIfE12ListIteratorppEv
FNDA:81,_ZN3s214listIiE12ListIteratorppEv
FNDA:1,_ZN3s214listIiE12ListIteratorppEi
FNDA:11,_ZN3s214listIiE12ListIteratormmEv
FNDA:1,_ZN3s214listIiE12ListIteratormmEi
FNDA:16,_ZN3s214listINSt3__112basic_stringIcNS1_11char_traitsIcEENS1_9allocatorIcEEEEE12ListIteratorneES9_
FNDA:6,_ZN3s214listIZN44copy_constructor_suite_struct_true_test_Test8TestBodyEvE11test_structE12ListIteratorneES4_
FNDA:6,_ZN3s214listIZN53move_operator_constructor_suite_struct_true_test_Test8TestBodyEvE11test_structE12ListIteratorneES4_
FNDA:10,_ZN3s214listIdE12ListIteratorneES2_
FNDA:10,_ZN3s214listIfE12ListIteratorneES2_
FNDA:92,_ZN3s214listIiE12ListIteratorneES2_
FNDA:1,_ZN3s214listIZN44move_constructor_suite_struct_true_test_Test8TestBodyEvE11test_structE8MoveListERS3_
FNDA:1,_ZN3s214listIdE8MoveListERS1_
FNDA:1,_ZN3s214listIfE8MoveListERS1_
FNDA:2,_ZN3s214listIiE8MoveListERS1_
FNDA:3,_ZN3s214listINSt3__112basic_stringIcNS1_11char_traitsIcEENS1_9allocatorIcEEEEED1Ev
FNDA:3,_ZN3s214listINSt3__112basic_stringIcNS1_11char_traitsIcEENS1_9allocatorIcEEEEED2Ev
FNDA:2,_ZN3s214listIZN44copy_constructor_suite_struct_true_test_Test8TestBodyEvE11test_structED1Ev
FNDA:2,_ZN3s214listIZN44copy_constructor_suite_struct_true_test_Test8TestBodyEvE11test_structED2Ev
FNDA:2,_ZN3s214listIZN44move_constructor_suite_struct_true_test_Test8TestBodyEvE11test_structED1Ev
FNDA:2,_ZN3s214listIZN44move_constructor_suite_struct_true_test_Test8TestBodyEvE11test_structED2Ev
FNDA:1,_ZN3s214listIZN47default_constructor_suite_struct_true_test_Test8TestBodyEvE11test_structED1Ev
FNDA:1,_ZN3s214listIZN47default_constructor_suite_struct_true_test_Test8TestBodyEvE11test_structED2Ev
FNDA:1,_ZN3s214listIZN51initializer_constructor_suite_struct_true_test_Test8TestBodyEvE11test_structED1Ev
FNDA:1,_ZN3s214listIZN51initializer_constructor_suite_struct_true_test_Test8TestBodyEvE11test_structED2Ev
FNDA:2,_ZN3s214listIZN53move_operator_constructor_suite_struct_true_test_Test8TestBodyEvE11test_structED1Ev
FNDA:2,_ZN3s214listIZN53move_operator_constructor_suite_struct_true_test_Test8TestBodyEvE11test_structED2Ev
FNDA:1,_ZN3s214listIZN53parameterized_constructor_suite_struct_true_test_Test8TestBodyEvE11test_structED1Ev
FNDA:1,_ZN3s214listIZN53parameterized_constructor_suite_struct_true_test_Test8TestBodyEvE11test_structED2Ev
FNDA:9,_ZN3s214listIdED1Ev
FNDA:9,_ZN3s214listIdED2Ev
FNDA:10,_ZN3s214listIfED1Ev
FNDA:10,_ZN3s214listIfED2Ev
FNDA:65,_ZN3s214listIiED1Ev
FNDA:65,_ZN3s214listIiED2Ev
FNDA:1,_ZN3s214listINSt3__112basic_stringIcNS1_11char_traitsIcEENS1_9allocatorIcEEEEEC1Ev
FNDA:1,_ZN3s214listINSt3__112basic_stringIcNS1_11char_traitsIcEENS1_9allocatorIcEEEEEC2Ev
FNDA:1,_ZN3s214listIZN47default_constructor_suite_struct_true_test_Test8TestBodyEvE11test_structEC1Ev
FNDA:1,_ZN3s214listIZN47default_constructor_suite_struct_true_test_Test8TestBodyEvE11test_structEC2Ev
FNDA:1,_ZN3s214listIdEC1Ev
FNDA:1,_ZN3s214listIdEC2Ev
FNDA:2,_ZN3s214listIfEC1Ev
FNDA:2,_ZN3s214listIfEC2Ev
FNDA:6,_ZN3s214listIiEC1Ev
FNDA:6,_ZN3s214listIiEC2Ev
FNDA:14,_ZNK3s214listIiE5frontEv
FNDA:13,_ZNK3s214listIiE4backEv
FNDA:2,_ZNK3s214listINSt3__112basic_stringIcNS1_11char_traitsIcEENS1_9allocatorIcEEEEE5beginEv
FNDA:1,_ZNK3s214listIZN44copy_constructor_suite_struct_true_test_Test8TestBodyEvE11test_structE5beginEv
FNDA:1,_ZNK3s214listIZN53move_operator_constructor_suite_struct_true_test_Test8TestBodyEvE11test_structE5beginEv
FNDA:2,_ZNK3s214listIdE5beginEv
FNDA:2,_ZNK3s214listIfE5beginEv
FNDA:33,_ZNK3s214listIiE5beginEv
FNDA:16,_ZNK3s214listINSt3__112basic_stringIcNS1_11char_traitsIcEENS1_9allocatorIcEEEEE3endEv
FNDA:6,_ZNK3s214listIZN44copy_constructor_suite_struct_true_test_Test8TestBodyEvE11test_structE3endEv
FNDA:6,_ZNK3s214listIZN53move_operator_constructor_suite_struct_true_test_Test8TestBodyEvE11test_structE3endEv
FNDA:10,_ZNK3s214listIdE3endEv
FNDA:10,_ZNK3s214listIfE3endEv
FNDA:97,_ZNK3s214listIiE3endEv
FNDA:1,_ZN3s214listIZN44copy_constructor_suite_struct_true_test_Test8TestBodyEvE11test_structEC1Em
FNDA:1,_ZN3s214listIZN44copy_constructor_suite_struct_true_test_Test8TestBodyEvE11test_structEC2Em
FNDA:1,_ZN3s214listIZN53parameterized_constructor_suite_struct_true_test_Test8TestBodyEvE11test_structEC1Em
FNDA:1,_ZN3s214listIZN53parameterized_constructor_suite_struct_true_test_Test8TestBodyEvE11test_structEC2Em
FNDA:2,_ZN3s214listIdEC1Em
FNDA:2,_ZN3s214listIdEC2Em
FNDA:2,_ZN3s214listIfEC1Em
FNDA:2,_ZN3s214listIfEC2Em
FNDA:11,_ZN3s214listIiEC1Em
FNDA:11,_ZN3s214listIiEC2Em
FNDA:1,_ZN3s214listINSt3__112basic_stringIcNS1_11char_traitsIcEENS1_9allocatorIcEEEEE5emptyEv
FNDA:4,_ZN3s214listIZN44copy_constructor_suite_struct_true_test_Test8TestBodyEvE11test_structE5emptyEv
FNDA:4,_ZN3s214listIZN44move_constructor_suite_struct_true_test_Test8TestBodyEvE11test_structE5emptyEv
FNDA:1,_ZN3s214listIZN47default_constructor_suite_struct_true_test_Test8TestBodyEvE11test_structE5emptyEv
FNDA:1,_ZN3s214listIZN51initializer_constructor_suite_struct_true_test_Test8TestBodyEvE11test_structE5emptyEv
FNDA:2,_ZN3s214listIZN53move_operator_constructor_suite_struct_true_test_Test8TestBodyEvE11test_structE5emptyEv
FNDA:1,_ZN3s214listIZN53parameterized_constructor_suite_struct_true_test_Test8TestBodyEvE11test_structE5emptyEv
FNDA:13,_ZN3s214listIdE5emptyEv
FNDA:14,_ZN3s214listIfE5emptyEv
FNDA:20,_ZN3s214listIiE5emptyEv
FNDA:5,_ZN3s214listINSt3__112basic_stringIcNS1_11char_traitsIcEENS1_9allocatorIcEEEEE4sizeEv
FNDA:8,_ZN3s214listIZN44copy_constructor_suite_struct_true_test_Test8TestBodyEvE11test_structE4sizeEv
FNDA:8,_ZN3s214listIZN44move_constructor_suite_struct_true_test_Test8TestBodyEvE11test_structE4sizeEv
FNDA:2,_ZN3s214listIZN47default_constructor_suite_struct_true_test_Test8TestBodyEvE11test_structE4sizeEv
FNDA:2,_ZN3s214listIZN51initializer_constructor_suite_struct_true_test_Test8TestBodyEvE11test_structE4sizeEv
FNDA:4,_ZN3s214listIZN53move_operator_constructor_suite_struct_true_test_Test8TestBodyEvE11test_structE4sizeEv
FNDA:2,_ZN3s214listIZN53parameterized_constructor_suite_struct_true_test_Test8TestBodyEvE11test_structE4sizeEv
FNDA:26,_ZN3s214listIdE4sizeEv
FNDA:27,_ZN3s214listIfE4sizeEv
FNDA:54,_ZN3s214listIiE4sizeEv
FNF:170
FNH:170
DA:5,33
DA:8,34
DA:9,17
DA:10,92
DA:11,75
DA:12,75
DA:13,34
DA:16,112
DA:17,56
DA:18,287
DA:19,231
DA:20,231
DA:21,112
DA:24,16
DA:25,8
DA:26,42
DA:27,34
DA:28,34
DA:29,16
DA:32,8
DA:33,4
DA:34,8
DA:37,192
DA:38,96
DA:39,192
DA:50,14
DA:51,14
DA:52,13
DA:54,1
DA:56,14
DA:59,13
DA:60,13
DA:61,12
DA:63,1
DA:65,13
DA:66,96
DA:67,96
DA:68,96
DA:69,137
DA:70,41
DA:71,41
DA:72,38
DA:73,38
DA:74,41
DA:75,2
DA:78,145
DA:79,145
DA:80,145
DA:81,144
DA:82,144
DA:83,145
DA:84,16
DA:88,61
DA:89,61
DA:93,138
DA:94,138
DA:104,102
DA:105,102
DA:106,26
DA:107,26
DA:108,76
DA:109,76
DA:111,522
DA:112,420
DA:113,420
DA:114,420
DA:116,102
DA:117,102
DA:118,102
DA:121,9
DA:123,9
DA:124,9
DA:125,9
DA:126,2
DA:127,2
DA:128,2
DA:129,7
DA:130,1
DA:131,1
DA:132,1
DA:133,1
DA:134,1
DA:135,1
DA:136,7
DA:137,5
DA:138,5
DA:139,5
DA:140,5
DA:141,5
DA:142,5
DA:143,5
DA:144,1
DA:145,1
DA:146,1
DA:147,1
DA:150,9
DA:151,9
DA:152,9
DA:156,12
DA:157,12
DA:158,12
DA:159,11
DA:160,11
DA:161,11
DA:162,2
DA:163,2
DA:164,9
DA:166,11
DA:167,4
DA:168,4
DA:169,7
DA:171,11
DA:172,11
DA:173,11
DA:174,12
DA:177,352
DA:178,352
DA:179,352
DA:180,352
DA:181,352
DA:182,352
DA:183,78
DA:184,78
DA:185,78
DA:186,274
DA:187,274
DA:188,274
DA:189,274
DA:190,274
DA:192,352
DA:193,352
DA:196,4
DA:197,4
DA:198,4
DA:199,4
DA:200,1
DA:201,1
DA:202,1
DA:203,3
DA:204,3
DA:205,3
DA:207,4
DA:208,4
DA:209,4
DA:210,4
DA:213,5
DA:214,5
DA:215,5
DA:216,5
DA:217,5
DA:218,5
DA:219,1
DA:220,1
DA:221,1
DA:222,4
DA:223,4
DA:224,4
DA:225,4
DA:226,4
DA:228,5
DA:229,5
DA:232,4
DA:233,4
DA:234,4
DA:235,4
DA:236,1
DA:237,1
DA:238,1
DA:239,3
DA:240,3
DA:241,3
DA:243,4
DA:244,4
DA:245,4
DA:246,4
DA:249,3
DA:250,3
DA:251,3
DA:252,3
DA:253,3
DA:254,3
DA:257,2
DA:258,2
DA:259,2
DA:260,1
DA:261,1
DA:262,6
DA:263,5
DA:264,5
DA:265,1
DA:267,2
DA:268,2
DA:271,1
DA:272,1
DA:273,1
DA:274,1
DA:275,1
DA:276,6
DA:277,5
DA:278,5
DA:279,1
DA:280,1
DA:281,1
DA:284,3
DA:285,3
DA:286,3
DA:287,23
DA:288,20
DA:289,20
DA:290,20
DA:291,24
DA:292,9
DA:293,9
DA:294,11
DA:296,10
DA:297,3
DA:298,3
DA:301,3
DA:302,3
DA:303,1
DA:304,7
DA:305,6
DA:306,6
DA:307,6
DA:309,1
DA:310,1
DA:311,3
DA:318,182
DA:319,182
DA:320,182
DA:321,182
DA:324,152
DA:325,152
DA:326,152
DA:330,123
DA:331,123
DA:332,123
DA:333,123
DA:334,123
DA:335,123
DA:338,1
DA:339,1
DA:340,1
DA:343,11
DA:344,11
DA:345,11
DA:346,11
DA:347,11
DA:348,11
DA:351,1
DA:352,1
DA:353,1
DA:362,140
DA:364,140
DA:369,5
DA:370,5
DA:371,5
DA:372,5
DA:373,5
DA:374,5
DA:375,5
DA:376,5
DA:377,5
DA:378,5
LF:264
LH:264
end_of_record
TN:test
SF:/Users/monke/Containers_CPP/src/s21_list/s21_list.h
FN:14,_ZN3s214listINSt3__112basic_stringIcNS1_11char_traitsIcEENS1_9allocatorIcEEEEE12ListIteratorC1ERKS9_
FN:14,_ZN3s214listINSt3__112basic_stringIcNS1_11char_traitsIcEENS1_9allocatorIcEEEEE12ListIteratorC2ERKS9_
FN:14,_ZN3s214listINSt3__112basic_stringIcNS1_11char_traitsIcEENS1_9allocatorIcEEEEE12ListIteratorD1Ev
FN:14,_ZN3s214listINSt3__112basic_stringIcNS1_11char_traitsIcEENS1_9allocatorIcEEEEE12ListIteratorD2Ev
FN:14,_ZN3s214listINSt3__112basic_stringIcNS1_11char_traitsIcEENS1_9allocatorIcEEEEE12ListIteratoraSERKS9_
FN:61,_ZN3s214listINSt3__112basic_stringIcNS1_11char_traitsIcEENS1_9allocatorIcEEEEE5node_C1Ev
FN:61,_ZN3s214listINSt3__112basic_stringIcNS1_11char_traitsIcEENS1_9allocatorIcEEEEE5node_C2Ev
FN:61,_ZN3s214listINSt3__112basic_stringIcNS1_11char_traitsIcEENS1_9allocatorIcEEEEE5node_D1Ev
FN:61,_ZN3s214listINSt3__112basic_stringIcNS1_11char_traitsIcEENS1_9allocatorIcEEEEE5node_D2Ev
FN:61,_ZN3s214listIZN44copy_constructor_suite_struct_true_test_Test8TestBodyEvE11test_structE5node_C1Ev
FN:61,_ZN3s214listIZN44copy_constructor_suite_struct_true_test_Test8TestBodyEvE11test_structE5node_C2Ev
FN:61,_ZN3s214listIZN44move_constructor_suite_struct_true_test_Test8TestBodyEvE11test_structE5node_C1Ev
FN:61,_ZN3s214listIZN44move_constructor_suite_struct_true_test_Test8TestBodyEvE11test_structE5node_C2Ev
FN:61,_ZN3s214listIZN51initializer_constructor_suite_struct_true_test_Test8TestBodyEvE11test_structE5node_C1Ev
FN:61,_ZN3s214listIZN51initializer_constructor_suite_struct_true_test_Test8TestBodyEvE11test_structE5node_C2Ev
FN:61,_ZN3s214listIZN53move_operator_constructor_suite_struct_true_test_Test8TestBodyEvE11test_structE5node_C1Ev
FN:61,_ZN3s214listIZN53move_operator_constructor_suite_struct_true_test_Test8TestBodyEvE11test_structE5node_C2Ev
FN:61,_ZN3s214listIZN53parameterized_constructor_suite_struct_true_test_Test8TestBodyEvE11test_structE5node_C1Ev
FN:61,_ZN3s214listIZN53parameterized_constructor_suite_struct_true_test_Test8TestBodyEvE11test_structE5node_C2Ev
FN:61,_ZN3s214listIdE5node_C1Ev
FN:61,_ZN3s214listIdE5node_C2Ev
FN:61,_ZN3s214listIfE5node_C1Ev
FN:61,_ZN3s214listIfE5node_C2Ev
FN:61,_ZN3s214listIiE5node_C1Ev
FN:61,_ZN3s214listIiE5node_C2Ev
FN:74,_ZN3s214listINSt3__112basic_stringIcNS1_11char_traitsIcEENS1_9allocatorIcEEEEE12ListIteratorC1Ev
FN:74,_ZN3s214listINSt3__112basic_stringIcNS1_11char_traitsIcEENS1_9allocatorIcEEEEE12ListIteratorC2Ev
FN:74,_ZN3s214listIZN44copy_constructor_suite_struct_true_test_Test8TestBodyEvE11test_structE12ListIteratorC1Ev
FN:74,_ZN3s214listIZN44copy_constructor_suite_struct_true_test_Test8TestBodyEvE11test_structE12ListIteratorC2Ev
FN:74,_ZN3s214listIZN53move_operator_constructor_suite_struct_true_test_Test8TestBodyEvE11test_structE12ListIteratorC1Ev
FN:74,_ZN3s214listIZN53move_operator_constructor_suite_struct_true_test_Test8TestBodyEvE11test_structE12ListIteratorC2Ev
FN:74,_ZN3s214listIdE12ListIteratorC1Ev
FN:74,_ZN3s214listIdE12ListIteratorC2Ev
FN:74,_ZN3s214listIfE12ListIteratorC1Ev
FN:74,_ZN3s214listIfE12ListIteratorC2Ev
FN:74,_ZN3s214listIiE12ListIteratorC1Ev
FN:74,_ZN3s214listIiE12ListIteratorC2Ev
FNDA:14,_ZN3s214listINSt3__112basic_stringIcNS1_11char_traitsIcEENS1_9allocatorIcEEEEE12ListIteratorC1ERKS9_
FNDA:14,_ZN3s214listINSt3__112basic_stringIcNS1_11char_traitsIcEENS1_9allocatorIcEEEEE12ListIteratorC2ERKS9_
FNDA:32,_ZN3s214listINSt3__112basic_stringIcNS1_11char_traitsIcEENS1_9allocatorIcEEEEE12ListIteratorD1Ev
FNDA:32,_ZN3s214listINSt3__112basic_stringIcNS1_11char_traitsIcEENS1_9allocatorIcEEEEE12ListIteratorD2Ev
FNDA:10,_ZN3s214listINSt3__112basic_stringIcNS1_11char_traitsIcEENS1_9allocatorIcEEEEE12ListIteratoraSERKS9_
FNDA:12,_ZN3s214listINSt3__112basic_stringIcNS1_11char_traitsIcEENS1_9allocatorIcEEEEE5node_C1Ev
FNDA:12,_ZN3s214listINSt3__112basic_stringIcNS1_11char_traitsIcEENS1_9allocatorIcEEEEE5node_C2Ev
FNDA:12,_ZN3s214listINSt3__112basic_stringIcNS1_11char_traitsIcEENS1_9allocatorIcEEEEE5node_D1Ev
FNDA:12,_ZN3s214listINSt3__112basic_stringIcNS1_11char_traitsIcEENS1_9allocatorIcEEEEE5node_D2Ev
FNDA:12,_ZN3s214listIZN44copy_constructor_suite_struct_true_test_Test8TestBodyEvE11test_structE5node_C1Ev
FNDA:12,_ZN3s214listIZN44copy_constructor_suite_struct_true_test_Test8TestBodyEvE11test_structE5node_C2Ev
FNDA:6,_ZN3s214listIZN44move_constructor_suite_struct_true_test_Test8TestBodyEvE11test_structE5node_C1Ev
FNDA:6,_ZN3s214listIZN44move_constructor_suite_struct_true_test_Test8TestBodyEvE11test_structE5node_C2Ev
FNDA:6,_ZN3s214listIZN51initializer_constructor_suite_struct_true_test_Test8TestBodyEvE11test_structE5node_C1Ev
FNDA:6,_ZN3s214listIZN51initializer_constructor_suite_struct_true_test_Test8TestBodyEvE11test_structE5node_C2Ev
FNDA:12,_ZN3s214listIZN53move_operator_constructor_suite_struct_true_test_Test8TestBodyEvE11test_structE5node_C1Ev
FNDA:12,_ZN3s214listIZN53move_operator_constructor_suite_struct_true_test_Test8TestBodyEvE11test_structE5node_C2Ev
FNDA:6,_ZN3s214listIZN53parameterized_constructor_suite_struct_true_test_Test8TestBodyEvE11test_structE5node_C1Ev
FNDA:6,_ZN3s214listIZN53parameterized_constructor_suite_struct_true_test_Test8TestBodyEvE11test_structE5node_C2Ev
FNDA:36,_ZN3s214listIdE5node_C1Ev
FNDA:36,_ZN3s214listIdE5node_C2Ev
FNDA:36,_ZN3s214listIfE5node_C1Ev
FNDA:36,_ZN3s214listIfE5node_C2Ev
FNDA:312,_ZN3s214listIiE5node_C1Ev
FNDA:312,_ZN3s214listIiE5node_C2Ev
FNDA:18,_ZN3s214listINSt3__112basic_stringIcNS1_11char_traitsIcEENS1_9allocatorIcEEEEE12ListIteratorC1Ev
FNDA:18,_ZN3s214listINSt3__112basic_stringIcNS1_11char_traitsIcEENS1_9allocatorIcEEEEE12ListIteratorC2Ev
FNDA:7,_ZN3s214listIZN44copy_constructor_suite_struct_true_test_Test8TestBodyEvE11test_structE12ListIteratorC1Ev
FNDA:7,_ZN3s214listIZN44copy_constructor_suite_struct_true_test_Test8TestBodyEvE11test_structE12ListIteratorC2Ev
FNDA:7,_ZN3s214listIZN53move_operator_constructor_suite_struct_true_test_Test8TestBodyEvE11test_structE12ListIteratorC1Ev
FNDA:7,_ZN3s214listIZN53move_operator_constructor_suite_struct_true_test_Test8TestBodyEvE11test_structE12ListIteratorC2Ev
FNDA:12,_ZN3s214listIdE12ListIteratorC1Ev
FNDA:12,_ZN3s214listIdE12ListIteratorC2Ev
FNDA:12,_ZN3s214listIfE12ListIteratorC1Ev
FNDA:12,_ZN3s214listIfE12ListIteratorC2Ev
FNDA:131,_ZN3s214listIiE12ListIteratorC1Ev
FNDA:131,_ZN3s214listIiE12ListIteratorC2Ev
FNF:37
FNH:37
DA:61,438
DA:63,438
DA:64,438
DA:74,187
DA:88,187
DA:89,187
LF:6
LH:6
end_of_record
TN:test
SF:/Users/monke/Containers_CPP/src/s21_list/s21_list_tests.cc
FN:0,__cxx_global_var_init
FN:0,__cxx_global_var_init.102
FN:0,__cxx_global_var_init.106
FN:0,__cxx_global_var_init.107
FN:0,__cxx_global_var_init.11
FN:0,__cxx_global_var_init.110
FN:0,__cxx_global_var_init.113
FN:0,__cxx_global_var_init.116
FN:0,__cxx_global_var_init.120
FN:0,__cxx_global_var_init.123
FN:0,__cxx_global_var_init.125
FN:0,__cxx_global_var_init.13
FN:0,__cxx_global_var_init.130
FN:0,__cxx_global_var_init.131
FN:0,__cxx_global_var_init.134
FN:0,__cxx_global_var_init.137
FN:0,__cxx_global_var_init.141
FN:0,__cxx_global_var_init.143
FN:0,__cxx_global_var_init.145
FN:0,__cxx_global_var_init.147
FN:0,__cxx_global_var_init.149
FN:0,__cxx_global_var_init.15
FN:0,__cxx_global_var_init.157
FN:0,__cxx_global_var_init.158
FN:0,__cxx_global_var_init.16
FN:0,__cxx_global_var_init.162
FN:0,__cxx_global_var_init.166
FN:0,__cxx_global_var_init.17
FN:0,__cxx_global_var_init.171
FN:0,__cxx_global_var_init.172
FN:0,__cxx_global_var_init.176
FN:0,__cxx_global_var_init.18
FN:0,__cxx_global_var_init.180
FN:0,__cxx_global_var_init.184
FN:0,__cxx_global_var_init.188
FN:0,__cxx_global_var_init.192
FN:0,__cxx_global_var_init.196
FN:0,__cxx_global_var_init.203
FN:0,__cxx_global_var_init.208
FN:0,__cxx_global_var_init.21
FN:0,__cxx_global_var_init.212
FN:0,__cxx_global_var_init.216
FN:0,__cxx_global_var_init.224
FN:0,__cxx_global_var_init.229
FN:0,__cxx_global_var_init.24
FN:0,__cxx_global_var_init.27
FN:0,__cxx_global_var_init.28
FN:0,__cxx_global_var_init.34
FN:0,__cxx_global_var_init.35
FN:0,__cxx_global_var_init.36
FN:0,__cxx_global_var_init.38
FN:0,__cxx_global_var_init.42
FN:0,__cxx_global_var_init.45
FN:0,__cxx_global_var_init.46
FN:0,__cxx_global_var_init.47
FN:0,__cxx_global_var_init.49
FN:0,__cxx_global_var_init.52
FN:0,__cxx_global_var_init.53
FN:0,__cxx_global_var_init.54
FN:0,__cxx_global_var_init.60
FN:0,__cxx_global_var_init.64
FN:0,__cxx_global_var_init.69
FN:0,__cxx_global_var_init.7
FN:0,__cxx_global_var_init.74
FN:0,__cxx_global_var_init.79
FN:0,__cxx_global_var_init.82
FN:0,__cxx_global_var_init.85
FN:0,__cxx_global_var_init.89
FN:0,__cxx_global_var_init.9
FN:0,__cxx_global_var_init.94
FN:0,__cxx_global_var_init.96
FN:0,__cxx_global_var_init.99
FN:104,_ZN50initializer_constructor_suite_float_true_test_Test8TestBodyEv
FN:104,_ZN50initializer_constructor_suite_float_true_test_TestC1Ev
FN:104,_ZN50initializer_constructor_suite_float_true_test_TestC2Ev
FN:104,_ZN50initializer_constructor_suite_float_true_test_TestD0Ev
FN:104,_ZN50initializer_constructor_suite_float_true_test_TestD1Ev
FN:104,_ZN50initializer_constructor_suite_float_true_test_TestD2Ev
FN:112,_ZN51initializer_constructor_suite_struct_true_test_Test8TestBodyEv
FN:112,_ZN51initializer_constructor_suite_struct_true_test_TestC1Ev
FN:112,_ZN51initializer_constructor_suite_struct_true_test_TestC2Ev
FN:112,_ZN51initializer_constructor_suite_struct_true_test_TestD0Ev
FN:112,_ZN51initializer_constructor_suite_struct_true_test_TestD1Ev
FN:112,_ZN51initializer_constructor_suite_struct_true_test_TestD2Ev
FN:12,_ZN44default_constructor_suite_int_true_test_Test8TestBodyEv
FN:12,_ZN44default_constructor_suite_int_true_test_TestC1Ev
FN:12,_ZN44default_constructor_suite_int_true_test_TestC2Ev
FN:12,_ZN44default_constructor_suite_int_true_test_TestD0Ev
FN:12,_ZN44default_constructor_suite_int_true_test_TestD1Ev
FN:12,_ZN44default_constructor_suite_int_true_test_TestD2Ev
FN:129,_ZN41copy_constructor_suite_int_true_test_Test8TestBodyEv
FN:129,_ZN41copy_constructor_suite_int_true_test_TestC1Ev
FN:129,_ZN41copy_constructor_suite_int_true_test_TestC2Ev
FN:129,_ZN41copy_constructor_suite_int_true_test_TestD0Ev
FN:129,_ZN41copy_constructor_suite_int_true_test_TestD1Ev
FN:129,_ZN41copy_constructor_suite_int_true_test_TestD2Ev
FN:145,_ZN44copy_constructor_suite_double_true_test_Test8TestBodyEv
FN:145,_ZN44copy_constructor_suite_double_true_test_TestC1Ev
FN:145,_ZN44copy_constructor_suite_double_true_test_TestC2Ev
FN:145,_ZN44copy_constructor_suite_double_true_test_TestD0Ev
FN:145,_ZN44copy_constructor_suite_double_true_test_TestD1Ev
FN:145,_ZN44copy_constructor_suite_double_true_test_TestD2Ev
FN:161,_ZN43copy_constructor_suite_float_true_test_Test8TestBodyEv
FN:161,_ZN43copy_constructor_suite_float_true_test_TestC1Ev
FN:161,_ZN43copy_constructor_suite_float_true_test_TestC2Ev
FN:161,_ZN43copy_constructor_suite_float_true_test_TestD0Ev
FN:161,_ZN43copy_constructor_suite_float_true_test_TestD1Ev
FN:161,_ZN43copy_constructor_suite_float_true_test_TestD2Ev
FN:176,_ZN44copy_constructor_suite_struct_true_test_Test8TestBodyEv
FN:176,_ZN44copy_constructor_suite_struct_true_test_TestC1Ev
FN:176,_ZN44copy_constructor_suite_struct_true_test_TestC2Ev
FN:176,_ZN44copy_constructor_suite_struct_true_test_TestD0Ev
FN:176,_ZN44copy_constructor_suite_struct_true_test_TestD1Ev
FN:176,_ZN44copy_constructor_suite_struct_true_test_TestD2Ev
FN:198,_ZN41move_constructor_suite_int_true_test_Test8TestBodyEv
FN:198,_ZN41move_constructor_suite_int_true_test_TestC1Ev
FN:198,_ZN41move_constructor_suite_int_true_test_TestC2Ev
FN:198,_ZN41move_constructor_suite_int_true_test_TestD0Ev
FN:198,_ZN41move_constructor_suite_int_true_test_TestD1Ev
FN:198,_ZN41move_constructor_suite_int_true_test_TestD2Ev
FN:20,_ZN47default_constructor_suite_double_true_test_Test8TestBodyEv
FN:20,_ZN47default_constructor_suite_double_true_test_TestC1Ev
FN:20,_ZN47default_constructor_suite_double_true_test_TestC2Ev
FN:20,_ZN47default_constructor_suite_double_true_test_TestD0Ev
FN:20,_ZN47default_constructor_suite_double_true_test_TestD1Ev
FN:20,_ZN47default_constructor_suite_double_true_test_TestD2Ev
FN:214,_ZN44move_constructor_suite_double_true_test_Test8TestBodyEv
FN:214,_ZN44move_constructor_suite_double_true_test_TestC1Ev
FN:214,_ZN44move_constructor_suite_double_true_test_TestC2Ev
FN:214,_ZN44move_constructor_suite_double_true_test_TestD0Ev
FN:214,_ZN44move_constructor_suite_double_true_test_TestD1Ev
FN:214,_ZN44move_constructor_suite_double_true_test_TestD2Ev
FN:230,_ZN43move_constructor_suite_float_true_test_Test8TestBodyEv
FN:230,_ZN43move_constructor_suite_float_true_test_TestC1Ev
FN:230,_ZN43move_constructor_suite_float_true_test_TestC2Ev
FN:230,_ZN43move_constructor_suite_float_true_test_TestD0Ev
FN:230,_ZN43move_constructor_suite_float_true_test_TestD1Ev
FN:230,_ZN43move_constructor_suite_float_true_test_TestD2Ev
FN:246,_ZN44move_constructor_suite_struct_true_test_Test8TestBodyEv
FN:246,_ZN44move_constructor_suite_struct_true_test_TestC1Ev
FN:246,_ZN44move_constructor_suite_struct_true_test_TestC2Ev
FN:246,_ZN44move_constructor_suite_struct_true_test_TestD0Ev
FN:246,_ZN44move_constructor_suite_struct_true_test_TestD1Ev
FN:246,_ZN44move_constructor_suite_struct_true_test_TestD2Ev
FN:268,_ZN50move_operator_constructor_suite_int_true_test_Test8TestBodyEv
FN:268,_ZN50move_operator_constructor_suite_int_true_test_TestC1Ev
FN:268,_ZN50move_operator_constructor_suite_int_true_test_TestC2Ev
FN:268,_ZN50move_operator_constructor_suite_int_true_test_TestD0Ev
FN:268,_ZN50move_operator_constructor_suite_int_true_test_TestD1Ev
FN:268,_ZN50move_operator_constructor_suite_int_true_test_TestD2Ev
FN:28,_ZN46default_constructor_suite_float_true_test_Test8TestBodyEv
FN:28,_ZN46default_constructor_suite_float_true_test_TestC1Ev
FN:28,_ZN46default_constructor_suite_float_true_test_TestC2Ev
FN:28,_ZN46default_constructor_suite_float_true_test_TestD0Ev
FN:28,_ZN46default_constructor_suite_float_true_test_TestD1Ev
FN:28,_ZN46default_constructor_suite_float_true_test_TestD2Ev
FN:280,_ZN53move_operator_constructor_suite_double_true_test_Test8TestBodyEv
FN:280,_ZN53move_operator_constructor_suite_double_true_test_TestC1Ev
FN:280,_ZN53move_operator_constructor_suite_double_true_test_TestC2Ev
FN:280,_ZN53move_operator_constructor_suite_double_true_test_TestD0Ev
FN:280,_ZN53move_operator_constructor_suite_double_true_test_TestD1Ev
FN:280,_ZN53move_operator_constructor_suite_double_true_test_TestD2Ev
FN:292,_ZN52move_operator_constructor_suite_float_true_test_Test8TestBodyEv
FN:292,_ZN52move_operator_constructor_suite_float_true_test_TestC1Ev
FN:292,_ZN52move_operator_constructor_suite_float_true_test_TestC2Ev
FN:292,_ZN52move_operator_constructor_suite_float_true_test_TestD0Ev
FN:292,_ZN52move_operator_constructor_suite_float_true_test_TestD1Ev
FN:292,_ZN52move_operator_constructor_suite_float_true_test_TestD2Ev
FN:304,_ZN53move_operator_constructor_suite_struct_true_test_Test8TestBodyEv
FN:304,_ZN53move_operator_constructor_suite_struct_true_test_TestC1Ev
FN:304,_ZN53move_operator_constructor_suite_struct_true_test_TestC2Ev
FN:304,_ZN53move_operator_constructor_suite_struct_true_test_TestD0Ev
FN:304,_ZN53move_operator_constructor_suite_struct_true_test_TestD1Ev
FN:304,_ZN53move_operator_constructor_suite_struct_true_test_TestD2Ev
FN:323,_ZN26front_suite_true_test_Test8TestBodyEv
FN:323,_ZN26front_suite_true_test_TestC1Ev
FN:323,_ZN26front_suite_true_test_TestC2Ev
FN:323,_ZN26front_suite_true_test_TestD0Ev
FN:323,_ZN26front_suite_true_test_TestD1Ev
FN:323,_ZN26front_suite_true_test_TestD2Ev
FN:330,_ZN25front_suite_pop_test_Test8TestBodyEv
FN:330,_ZN25front_suite_pop_test_TestC1Ev
FN:330,_ZN25front_suite_pop_test_TestC2Ev
FN:330,_ZN25front_suite_pop_test_TestD0Ev
FN:330,_ZN25front_suite_pop_test_TestD1Ev
FN:330,_ZN25front_suite_pop_test_TestD2Ev
FN:340,_ZN26front_suite_push_test_Test8TestBodyEv
FN:340,_ZN26front_suite_push_test_TestC1Ev
FN:340,_ZN26front_suite_push_test_TestC2Ev
FN:340,_ZN26front_suite_push_test_TestD0Ev
FN:340,_ZN26front_suite_push_test_TestD1Ev
FN:340,_ZN26front_suite_push_test_TestD2Ev
FN:355,_ZN26front_suite_swap_test_Test8TestBodyEv
FN:355,_ZN26front_suite_swap_test_TestC1Ev
FN:355,_ZN26front_suite_swap_test_TestC2Ev
FN:355,_ZN26front_suite_swap_test_TestD0Ev
FN:355,_ZN26front_suite_swap_test_TestD1Ev
FN:355,_ZN26front_suite_swap_test_TestD2Ev
FN:36,_ZN47default_constructor_suite_struct_true_test_Test8TestBodyEv
FN:36,_ZN47default_constructor_suite_struct_true_test_TestC1Ev
FN:36,_ZN47default_constructor_suite_struct_true_test_TestC2Ev
FN:36,_ZN47default_constructor_suite_struct_true_test_TestD0Ev
FN:36,_ZN47default_constructor_suite_struct_true_test_TestD1Ev
FN:36,_ZN47default_constructor_suite_struct_true_test_TestD2Ev
FN:368,_ZN25back_suite_true_test_Test8TestBodyEv
FN:368,_ZN25back_suite_true_test_TestC1Ev
FN:368,_ZN25back_suite_true_test_TestC2Ev
FN:368,_ZN25back_suite_true_test_TestD0Ev
FN:368,_ZN25back_suite_true_test_TestD1Ev
FN:368,_ZN25back_suite_true_test_TestD2Ev
FN:375,_ZN25back_suite_push_test_Test8TestBodyEv
FN:375,_ZN25back_suite_push_test_TestC1Ev
FN:375,_ZN25back_suite_push_test_TestC2Ev
FN:375,_ZN25back_suite_push_test_TestD0Ev
FN:375,_ZN25back_suite_push_test_TestD1Ev
FN:375,_ZN25back_suite_push_test_TestD2Ev
FN:390,_ZN24back_suite_pop_test_Test8TestBodyEv
FN:390,_ZN24back_suite_pop_test_TestC1Ev
FN:390,_ZN24back_suite_pop_test_TestC2Ev
FN:390,_ZN24back_suite_pop_test_TestD0Ev
FN:390,_ZN24back_suite_pop_test_TestD1Ev
FN:390,_ZN24back_suite_pop_test_TestD2Ev
FN:400,_ZN25back_suite_swap_test_Test8TestBodyEv
FN:400,_ZN25back_suite_swap_test_TestC1Ev
FN:400,_ZN25back_suite_swap_test_TestC2Ev
FN:400,_ZN25back_suite_swap_test_TestD0Ev
FN:400,_ZN25back_suite_swap_test_TestD1Ev
FN:400,_ZN25back_suite_swap_test_TestD2Ev
FN:414,_ZN35iterator_begin_suite_true_test_Test8TestBodyEv
FN:414,_ZN35iterator_begin_suite_true_test_TestC1Ev
FN:414,_ZN35iterator_begin_suite_true_test_TestC2Ev
FN:414,_ZN35iterator_begin_suite_true_test_TestD0Ev
FN:414,_ZN35iterator_begin_suite_true_test_TestD1Ev
FN:414,_ZN35iterator_begin_suite_true_test_TestD2Ev
FN:423,_ZN36iterator_begin_suite_empty_test_Test8TestBodyEv
FN:423,_ZN36iterator_begin_suite_empty_test_TestC1Ev
FN:423,_ZN36iterator_begin_suite_empty_test_TestC2Ev
FN:423,_ZN36iterator_begin_suite_empty_test_TestD0Ev
FN:423,_ZN36iterator_begin_suite_empty_test_TestD1Ev
FN:423,_ZN36iterator_begin_suite_empty_test_TestD2Ev
FN:432,_ZN34iterator_begin_suite_pop_test_Test8TestBodyEv
FN:432,_ZN34iterator_begin_suite_pop_test_TestC1Ev
FN:432,_ZN34iterator_begin_suite_pop_test_TestC2Ev
FN:432,_ZN34iterator_begin_suite_pop_test_TestD0Ev
FN:432,_ZN34iterator_begin_suite_pop_test_TestD1Ev
FN:432,_ZN34iterator_begin_suite_pop_test_TestD2Ev
FN:445,_ZN35iterator_begin_suite_push_test_Test8TestBodyEv
FN:445,_ZN35iterator_begin_suite_push_test_TestC1Ev
FN:445,_ZN35iterator_begin_suite_push_test_TestC2Ev
FN:445,_ZN35iterator_begin_suite_push_test_TestD0Ev
FN:445,_ZN35iterator_begin_suite_push_test_TestD1Ev
FN:445,_ZN35iterator_begin_suite_push_test_TestD2Ev
FN:457,_ZN33iterator_end_suite_true_test_Test8TestBodyEv
FN:457,_ZN33iterator_end_suite_true_test_TestC1Ev
FN:457,_ZN33iterator_end_suite_true_test_TestC2Ev
FN:457,_ZN33iterator_end_suite_true_test_TestD0Ev
FN:457,_ZN33iterator_end_suite_true_test_TestD1Ev
FN:457,_ZN33iterator_end_suite_true_test_TestD2Ev
FN:469,_ZN34iterator_end_suite_empty_test_Test8TestBodyEv
FN:469,_ZN34iterator_end_suite_empty_test_TestC1Ev
FN:469,_ZN34iterator_end_suite_empty_test_TestC2Ev
FN:469,_ZN34iterator_end_suite_empty_test_TestD0Ev
FN:469,_ZN34iterator_end_suite_empty_test_TestD1Ev
FN:469,_ZN34iterator_end_suite_empty_test_TestD2Ev
FN:478,_ZN32iterator_end_suite_pop_test_Test8TestBodyEv
FN:478,_ZN32iterator_end_suite_pop_test_TestC1Ev
FN:478,_ZN32iterator_end_suite_pop_test_TestC2Ev
FN:478,_ZN32iterator_end_suite_pop_test_TestD0Ev
FN:478,_ZN32iterator_end_suite_pop_test_TestD1Ev
FN:478,_ZN32iterator_end_suite_pop_test_TestD2Ev
FN:494,_ZN33iterator_end_suite_push_test_Test8TestBodyEv
FN:494,_ZN33iterator_end_suite_push_test_TestC1Ev
FN:494,_ZN33iterator_end_suite_push_test_TestC2Ev
FN:494,_ZN33iterator_end_suite_push_test_TestD0Ev
FN:494,_ZN33iterator_end_suite_push_test_TestD1Ev
FN:494,_ZN33iterator_end_suite_push_test_TestD2Ev
FN:50,_ZN50parameterized_constructor_suite_int_true_test_Test8TestBodyEv
FN:50,_ZN50parameterized_constructor_suite_int_true_test_TestC1Ev
FN:50,_ZN50parameterized_constructor_suite_int_true_test_TestC2Ev
FN:50,_ZN50parameterized_constructor_suite_int_true_test_TestD0Ev
FN:50,_ZN50parameterized_constructor_suite_int_true_test_TestD1Ev
FN:50,_ZN50parameterized_constructor_suite_int_true_test_TestD2Ev
FN:510,_ZN25empty_suit_true_test_Test8TestBodyEv
FN:510,_ZN25empty_suit_true_test_TestC1Ev
FN:510,_ZN25empty_suit_true_test_TestC2Ev
FN:510,_ZN25empty_suit_true_test_TestD0Ev
FN:510,_ZN25empty_suit_true_test_TestD1Ev
FN:510,_ZN25empty_suit_true_test_TestD2Ev
FN:517,_ZN28empty_suit_cleaned_test_Test8TestBodyEv
FN:517,_ZN28empty_suit_cleaned_test_TestC1Ev
FN:517,_ZN28empty_suit_cleaned_test_TestC2Ev
FN:517,_ZN28empty_suit_cleaned_test_TestD0Ev
FN:517,_ZN28empty_suit_cleaned_test_TestD1Ev
FN:517,_ZN28empty_suit_cleaned_test_TestD2Ev
FN:527,_ZN27empty_suit_merged_test_Test8TestBodyEv
FN:527,_ZN27empty_suit_merged_test_TestC1Ev
FN:527,_ZN27empty_suit_merged_test_TestC2Ev
FN:527,_ZN27empty_suit_merged_test_TestD0Ev
FN:527,_ZN27empty_suit_merged_test_TestD1Ev
FN:527,_ZN27empty_suit_merged_test_TestD2Ev
FN:547,_ZN28empty_suit_spliced_test_Test8TestBodyEv
FN:547,_ZN28empty_suit_spliced_test_TestC1Ev
FN:547,_ZN28empty_suit_spliced_test_TestC2Ev
FN:547,_ZN28empty_suit_spliced_test_TestD0Ev
FN:547,_ZN28empty_suit_spliced_test_TestD1Ev
FN:547,_ZN28empty_suit_spliced_test_TestD2Ev
FN:561,_ZN25size_suite_true_test_Test8TestBodyEv
FN:561,_ZN25size_suite_true_test_TestC1Ev
FN:561,_ZN25size_suite_true_test_TestC2Ev
FN:561,_ZN25size_suite_true_test_TestD0Ev
FN:561,_ZN25size_suite_true_test_TestD1Ev
FN:561,_ZN25size_suite_true_test_TestD2Ev
FN:568,_ZN26size_suite_empty_test_Test8TestBodyEv
FN:568,_ZN26size_suite_empty_test_TestC1Ev
FN:568,_ZN26size_suite_empty_test_TestC2Ev
FN:568,_ZN26size_suite_empty_test_TestD0Ev
FN:568,_ZN26size_suite_empty_test_TestD1Ev
FN:568,_ZN26size_suite_empty_test_TestD2Ev
FN:575,_ZN28size_suite_cleaned_test_Test8TestBodyEv
FN:575,_ZN28size_suite_cleaned_test_TestC1Ev
FN:575,_ZN28size_suite_cleaned_test_TestC2Ev
FN:575,_ZN28size_suite_cleaned_test_TestD0Ev
FN:575,_ZN28size_suite_cleaned_test_TestD1Ev
FN:575,_ZN28size_suite_cleaned_test_TestD2Ev
FN:58,_ZN53parameterized_constructor_suite_double_true_test_Test8TestBodyEv
FN:58,_ZN53parameterized_constructor_suite_double_true_test_TestC1Ev
FN:58,_ZN53parameterized_constructor_suite_double_true_test_TestC2Ev
FN:58,_ZN53parameterized_constructor_suite_double_true_test_TestD0Ev
FN:58,_ZN53parameterized_constructor_suite_double_true_test_TestD1Ev
FN:58,_ZN53parameterized_constructor_suite_double_true_test_TestD2Ev
FN:585,_ZN32size_suite_erase_empty_test_Test8TestBodyEv
FN:585,_ZN32size_suite_erase_empty_test_TestC1Ev
FN:585,_ZN32size_suite_erase_empty_test_TestC2Ev
FN:585,_ZN32size_suite_erase_empty_test_TestD0Ev
FN:585,_ZN32size_suite_erase_empty_test_TestD1Ev
FN:585,_ZN32size_suite_erase_empty_test_TestD2Ev
FN:597,_ZN38size_suite_erase_one_element_test_Test8TestBodyEv
FN:597,_ZN38size_suite_erase_one_element_test_TestC1Ev
FN:597,_ZN38size_suite_erase_one_element_test_TestC2Ev
FN:597,_ZN38size_suite_erase_one_element_test_TestD0Ev
FN:597,_ZN38size_suite_erase_one_element_test_TestD1Ev
FN:597,_ZN38size_suite_erase_one_element_test_TestD2Ev
FN:612,_ZN41size_suite_add_back_one_element_test_Test8TestBodyEv
FN:612,_ZN41size_suite_add_back_one_element_test_TestC1Ev
FN:612,_ZN41size_suite_add_back_one_element_test_TestC2Ev
FN:612,_ZN41size_suite_add_back_one_element_test_TestD0Ev
FN:612,_ZN41size_suite_add_back_one_element_test_TestD1Ev
FN:612,_ZN41size_suite_add_back_one_element_test_TestD2Ev
FN:622,_ZN42size_suite_add_front_one_element_test_Test8TestBodyEv
FN:622,_ZN42size_suite_add_front_one_element_test_TestC1Ev
FN:622,_ZN42size_suite_add_front_one_element_test_TestC2Ev
FN:622,_ZN42size_suite_add_front_one_element_test_TestD0Ev
FN:622,_ZN42size_suite_add_front_one_element_test_TestD1Ev
FN:622,_ZN42size_suite_add_front_one_element_test_TestD2Ev
FN:632,_ZN44size_suite_delete_back_one_element_test_Test8TestBodyEv
FN:632,_ZN44size_suite_delete_back_one_element_test_TestC1Ev
FN:632,_ZN44size_suite_delete_back_one_element_test_TestC2Ev
FN:632,_ZN44size_suite_delete_back_one_element_test_TestD0Ev
FN:632,_ZN44size_suite_delete_back_one_element_test_TestD1Ev
FN:632,_ZN44size_suite_delete_back_one_element_test_TestD2Ev
FN:642,_ZN45size_suite_delete_front_one_element_test_Test8TestBodyEv
FN:642,_ZN45size_suite_delete_front_one_element_test_TestC1Ev
FN:642,_ZN45size_suite_delete_front_one_element_test_TestC2Ev
FN:642,_ZN45size_suite_delete_front_one_element_test_TestD0Ev
FN:642,_ZN45size_suite_delete_front_one_element_test_TestD1Ev
FN:642,_ZN45size_suite_delete_front_one_element_test_TestD2Ev
FN:653,_ZN27insert_suite_true_test_Test8TestBodyEv
FN:653,_ZN27insert_suite_true_test_TestC1Ev
FN:653,_ZN27insert_suite_true_test_TestC2Ev
FN:653,_ZN27insert_suite_true_test_TestD0Ev
FN:653,_ZN27insert_suite_true_test_TestD1Ev
FN:653,_ZN27insert_suite_true_test_TestD2Ev
FN:66,_ZN52parameterized_constructor_suite_float_true_test_Test8TestBodyEv
FN:66,_ZN52parameterized_constructor_suite_float_true_test_TestC1Ev
FN:66,_ZN52parameterized_constructor_suite_float_true_test_TestC2Ev
FN:66,_ZN52parameterized_constructor_suite_float_true_test_TestD0Ev
FN:66,_ZN52parameterized_constructor_suite_float_true_test_TestD1Ev
FN:66,_ZN52parameterized_constructor_suite_float_true_test_TestD2Ev
FN:679,_ZN28insert_suite_empty_test_Test8TestBodyEv
FN:679,_ZN28insert_suite_empty_test_TestC1Ev
FN:679,_ZN28insert_suite_empty_test_TestC2Ev
FN:679,_ZN28insert_suite_empty_test_TestD0Ev
FN:679,_ZN28insert_suite_empty_test_TestD1Ev
FN:679,_ZN28insert_suite_empty_test_TestD2Ev
FN:695,_ZN28insert_suite_front_test_Test8TestBodyEv
FN:695,_ZN28insert_suite_front_test_TestC1Ev
FN:695,_ZN28insert_suite_front_test_TestC2Ev
FN:695,_ZN28insert_suite_front_test_TestD0Ev
FN:695,_ZN28insert_suite_front_test_TestD1Ev
FN:695,_ZN28insert_suite_front_test_TestD2Ev
FN:714,_ZN27insert_suite_back_test_Test8TestBodyEv
FN:714,_ZN27insert_suite_back_test_TestC1Ev
FN:714,_ZN27insert_suite_back_test_TestC2Ev
FN:714,_ZN27insert_suite_back_test_TestD0Ev
FN:714,_ZN27insert_suite_back_test_TestD1Ev
FN:714,_ZN27insert_suite_back_test_TestD2Ev
FN:733,_ZN26clear_suite_true_test_Test8TestBodyEv
FN:733,_ZN26clear_suite_true_test_TestC1Ev
FN:733,_ZN26clear_suite_true_test_TestC2Ev
FN:733,_ZN26clear_suite_true_test_TestD0Ev
FN:733,_ZN26clear_suite_true_test_TestD1Ev
FN:733,_ZN26clear_suite_true_test_TestD2Ev
FN:74,_ZN53parameterized_constructor_suite_struct_true_test_Test8TestBodyEv
FN:74,_ZN53parameterized_constructor_suite_struct_true_test_TestC1Ev
FN:74,_ZN53parameterized_constructor_suite_struct_true_test_TestC2Ev
FN:74,_ZN53parameterized_constructor_suite_struct_true_test_TestD0Ev
FN:74,_ZN53parameterized_constructor_suite_struct_true_test_TestD1Ev
FN:74,_ZN53parameterized_constructor_suite_struct_true_test_TestD2Ev
FN:744,_ZN27clear_suite_empty_test_Test8TestBodyEv
FN:744,_ZN27clear_suite_empty_test_TestC1Ev
FN:744,_ZN27clear_suite_empty_test_TestC2Ev
FN:744,_ZN27clear_suite_empty_test_TestD0Ev
FN:744,_ZN27clear_suite_empty_test_TestD1Ev
FN:744,_ZN27clear_suite_empty_test_TestD2Ev
FN:755,_ZN26erase_suite_true_test_Test8TestBodyEv
FN:755,_ZN26erase_suite_true_test_TestC1Ev
FN:755,_ZN26erase_suite_true_test_TestC2Ev
FN:755,_ZN26erase_suite_true_test_TestD0Ev
FN:755,_ZN26erase_suite_true_test_TestD1Ev
FN:755,_ZN26erase_suite_true_test_TestD2Ev
FN:771,_ZN30push_back_suite_true_test_Test8TestBodyEv
FN:771,_ZN30push_back_suite_true_test_TestC1Ev
FN:771,_ZN30push_back_suite_true_test_TestC2Ev
FN:771,_ZN30push_back_suite_true_test_TestD0Ev
FN:771,_ZN30push_back_suite_true_test_TestD1Ev
FN:771,_ZN30push_back_suite_true_test_TestD2Ev
FN:782,_ZN31push_front_suite_true_test_Test8TestBodyEv
FN:782,_ZN31push_front_suite_true_test_TestC1Ev
FN:782,_ZN31push_front_suite_true_test_TestC2Ev
FN:782,_ZN31push_front_suite_true_test_TestD0Ev
FN:782,_ZN31push_front_suite_true_test_TestD1Ev
FN:782,_ZN31push_front_suite_true_test_TestD2Ev
FN:797,_ZN29pop_back_suite_true_test_Test8TestBodyEv
FN:797,_ZN29pop_back_suite_true_test_TestC1Ev
FN:797,_ZN29pop_back_suite_true_test_TestC2Ev
FN:797,_ZN29pop_back_suite_true_test_TestD0Ev
FN:797,_ZN29pop_back_suite_true_test_TestD1Ev
FN:797,_ZN29pop_back_suite_true_test_TestD2Ev
FN:808,_ZN30pop_front_suite_true_test_Test8TestBodyEv
FN:808,_ZN30pop_front_suite_true_test_TestC1Ev
FN:808,_ZN30pop_front_suite_true_test_TestC2Ev
FN:808,_ZN30pop_front_suite_true_test_TestD0Ev
FN:808,_ZN30pop_front_suite_true_test_TestD1Ev
FN:808,_ZN30pop_front_suite_true_test_TestD2Ev
FN:819,_ZN25swap_suite_true_test_Test8TestBodyEv
FN:819,_ZN25swap_suite_true_test_TestC1Ev
FN:819,_ZN25swap_suite_true_test_TestC2Ev
FN:819,_ZN25swap_suite_true_test_TestD0Ev
FN:819,_ZN25swap_suite_true_test_TestD1Ev
FN:819,_ZN25swap_suite_true_test_TestD2Ev
FN:866,_ZN80overloading_assignment_and_dereference_iterator_suite_overloading_true_test_Test8TestBodyEv
FN:866,_ZN80overloading_assignment_and_dereference_iterator_suite_overloading_true_test_TestC1Ev
FN:866,_ZN80overloading_assignment_and_dereference_iterator_suite_overloading_true_test_TestC2Ev
FN:866,_ZN80overloading_assignment_and_dereference_iterator_suite_overloading_true_test_TestD0Ev
FN:866,_ZN80overloading_assignment_and_dereference_iterator_suite_overloading_true_test_TestD1Ev
FN:866,_ZN80overloading_assignment_and_dereference_iterator_suite_overloading_true_test_TestD2Ev
FN:88,_ZN48initializer_constructor_suite_int_true_test_Test8TestBodyEv
FN:88,_ZN48initializer_constructor_suite_int_true_test_TestC1Ev
FN:88,_ZN48initializer_constructor_suite_int_true_test_TestC2Ev
FN:88,_ZN48initializer_constructor_suite_int_true_test_TestD0Ev
FN:88,_ZN48initializer_constructor_suite_int_true_test_TestD1Ev
FN:88,_ZN48initializer_constructor_suite_int_true_test_TestD2Ev
FN:882,_ZN42overloading_increment_suite_true_test_Test8TestBodyEv
FN:882,_ZN42overloading_increment_suite_true_test_TestC1Ev
FN:882,_ZN42overloading_increment_suite_true_test_TestC2Ev
FN:882,_ZN42overloading_increment_suite_true_test_TestD0Ev
FN:882,_ZN42overloading_increment_suite_true_test_TestD1Ev
FN:882,_ZN42overloading_increment_suite_true_test_TestD2Ev
FN:893,_ZN50overloading_increment_suite_end_to_begin_test_Test8TestBodyEv
FN:893,_ZN50overloading_increment_suite_end_to_begin_test_TestC1Ev
FN:893,_ZN50overloading_increment_suite_end_to_begin_test_TestC2Ev
FN:893,_ZN50overloading_increment_suite_end_to_begin_test_TestD0Ev
FN:893,_ZN50overloading_increment_suite_end_to_begin_test_TestD1Ev
FN:893,_ZN50overloading_increment_suite_end_to_begin_test_TestD2Ev
FN:907,_ZN42overloading_decrement_suite_true_test_Test8TestBodyEv
FN:907,_ZN42overloading_decrement_suite_true_test_TestC1Ev
FN:907,_ZN42overloading_decrement_suite_true_test_TestC2Ev
FN:907,_ZN42overloading_decrement_suite_true_test_TestD0Ev
FN:907,_ZN42overloading_decrement_suite_true_test_TestD1Ev
FN:907,_ZN42overloading_decrement_suite_true_test_TestD2Ev
FN:921,_ZN27unique_suite_true_test_Test8TestBodyEv
FN:921,_ZN27unique_suite_true_test_TestC1Ev
FN:921,_ZN27unique_suite_true_test_TestC2Ev
FN:921,_ZN27unique_suite_true_test_TestD0Ev
FN:921,_ZN27unique_suite_true_test_TestD1Ev
FN:921,_ZN27unique_suite_true_test_TestD2Ev
FN:948,_ZN37reverse_suite_functionality_test_Test8TestBodyEv
FN:948,_ZN37reverse_suite_functionality_test_TestC1Ev
FN:948,_ZN37reverse_suite_functionality_test_TestC2Ev
FN:948,_ZN37reverse_suite_functionality_test_TestD0Ev
FN:948,_ZN37reverse_suite_functionality_test_TestD1Ev
FN:948,_ZN37reverse_suite_functionality_test_TestD2Ev
FN:96,_ZN51initializer_constructor_suite_double_true_test_Test8TestBodyEv
FN:96,_ZN51initializer_constructor_suite_double_true_test_TestC1Ev
FN:96,_ZN51initializer_constructor_suite_double_true_test_TestC2Ev
FN:96,_ZN51initializer_constructor_suite_double_true_test_TestD0Ev
FN:96,_ZN51initializer_constructor_suite_double_true_test_TestD1Ev
FN:96,_ZN51initializer_constructor_suite_double_true_test_TestD2Ev
FN:968,_ZN29reverse_suite_empty_list_Test8TestBodyEv
FN:968,_ZN29reverse_suite_empty_list_TestC1Ev
FN:968,_ZN29reverse_suite_empty_list_TestC2Ev
FN:968,_ZN29reverse_suite_empty_list_TestD0Ev
FN:968,_ZN29reverse_suite_empty_list_TestD1Ev
FN:968,_ZN29reverse_suite_empty_list_TestD2Ev
FN:989,main
FNDA:1,__cxx_global_var_init
FNDA:1,__cxx_global_var_init.102
FNDA:1,__cxx_global_var_init.106
FNDA:1,__cxx_global_var_init.107
FNDA:1,__cxx_global_var_init.11
FNDA:1,__cxx_global_var_init.110
FNDA:1,__cxx_global_var_init.113
FNDA:1,__cxx_global_var_init.116
FNDA:1,__cxx_global_var_init.120
FNDA:1,__cxx_global_var_init.123
FNDA:1,__cxx_global_var_init.125
FNDA:1,__cxx_global_var_init.13
FNDA:1,__cxx_global_var_init.130
FNDA:1,__cxx_global_var_init.131
FNDA:1,__cxx_global_var_init.134
FNDA:1,__cxx_global_var_init.137
FNDA:1,__cxx_global_var_init.141
FNDA:1,__cxx_global_var_init.143
FNDA:1,__cxx_global_var_init.145
FNDA:1,__cxx_global_var_init.147
FNDA:1,__cxx_global_var_init.149
FNDA:1,__cxx_global_var_init.15
FNDA:1,__cxx_global_var_init.157
FNDA:1,__cxx_global_var_init.158
FNDA:1,__cxx_global_var_init.16
FNDA:1,__cxx_global_var_init.162
FNDA:1,__cxx_global_var_init.166
FNDA:1,__cxx_global_var_init.17
FNDA:1,__cxx_global_var_init.171
FNDA:1,__cxx_global_var_init.172
FNDA:1,__cxx_global_var_init.176
FNDA:1,__cxx_global_var_init.18
FNDA:1,__cxx_global_var_init.180
FNDA:1,__cxx_global_var_init.184
FNDA:1,__cxx_global_var_init.188
FNDA:1,__cxx_global_var_init.192
FNDA:1,__cxx_global_var_init.196
FNDA:1,__cxx_global_var_init.203
FNDA:1,__cxx_global_var_init.208
FNDA:1,__cxx_global_var_init.21
FNDA:1,__cxx_global_var_init.212
FNDA:1,__cxx_global_var_init.216
FNDA:1,__cxx_global_var_init.224
FNDA:1,__cxx_global_var_init.229
FNDA:1,__cxx_global_var_init.24
FNDA:1,__cxx_global_var_init.27
FNDA:1,__cxx_global_var_init.28
FNDA:1,__cxx_global_var_init.34
FNDA:1,__cxx_global_var_init.35
FNDA:1,__cxx_global_var_init.36
FNDA:1,__cxx_global_var_init.38
FNDA:1,__cxx_global_var_init.42
FNDA:1,__cxx_global_var_init.45
FNDA:1,__cxx_global_var_init.46
FNDA:1,__cxx_global_var_init.47
FNDA:1,__cxx_global_var_init.49
FNDA:1,__cxx_global_var_init.52
FNDA:1,__cxx_global_var_init.53
FNDA:1,__cxx_global_var_init.54
FNDA:1,__cxx_global_var_init.60
FNDA:1,__cxx_global_var_init.64
FNDA:1,__cxx_global_var_init.69
FNDA:1,__cxx_global_var_init.7
FNDA:1,__cxx_global_var_init.74
FNDA:1,__cxx_global_var_init.79
FNDA:1,__cxx_global_var_init.82
FNDA:1,__cxx_global_var_init.85
FNDA:1,__cxx_global_var_init.89
FNDA:1,__cxx_global_var_init.9
FNDA:1,__cxx_global_var_init.94
FNDA:1,__cxx_global_var_init.96
FNDA:1,__cxx_global_var_init.99
FNDA:1,_ZN50initializer_constructor_suite_float_true_test_Test8TestBodyEv
FNDA:1,_ZN50initializer_constructor_suite_float_true_test_TestC1Ev
FNDA:1,_ZN50initializer_constructor_suite_float_true_test_TestC2Ev
FNDA:1,_ZN50initializer_constructor_suite_float_true_test_TestD0Ev
FNDA:1,_ZN50initializer_constructor_suite_float_true_test_TestD1Ev
FNDA:1,_ZN50initializer_constructor_suite_float_true_test_TestD2Ev
FNDA:1,_ZN51initializer_constructor_suite_struct_true_test_Test8TestBodyEv
FNDA:1,_ZN51initializer_constructor_suite_struct_true_test_TestC1Ev
FNDA:1,_ZN51initializer_constructor_suite_struct_true_test_TestC2Ev
FNDA:1,_ZN51initializer_constructor_suite_struct_true_test_TestD0Ev
FNDA:1,_ZN51initializer_constructor_suite_struct_true_test_TestD1Ev
FNDA:1,_ZN51initializer_constructor_suite_struct_true_test_TestD2Ev
FNDA:1,_ZN44default_constructor_suite_int_true_test_Test8TestBodyEv
FNDA:1,_ZN44default_constructor_suite_int_true_test_TestC1Ev
FNDA:1,_ZN44default_constructor_suite_int_true_test_TestC2Ev
FNDA:1,_ZN44default_constructor_suite_int_true_test_TestD0Ev
FNDA:1,_ZN44default_constructor_suite_int_true_test_TestD1Ev
FNDA:1,_ZN44default_constructor_suite_int_true_test_TestD2Ev
FNDA:1,_ZN41copy_constructor_suite_int_true_test_Test8TestBodyEv
FNDA:1,_ZN41copy_constructor_suite_int_true_test_TestC1Ev
FNDA:1,_ZN41copy_constructor_suite_int_true_test_TestC2Ev
FNDA:1,_ZN41copy_constructor_suite_int_true_test_TestD0Ev
FNDA:1,_ZN41copy_constructor_suite_int_true_test_TestD1Ev
FNDA:1,_ZN41copy_constructor_suite_int_true_test_TestD2Ev
FNDA:1,_ZN44copy_constructor_suite_double_true_test_Test8TestBodyEv
FNDA:1,_ZN44copy_constructor_suite_double_true_test_TestC1Ev
FNDA:1,_ZN44copy_constructor_suite_double_true_test_TestC2Ev
FNDA:1,_ZN44copy_constructor_suite_double_true_test_TestD0Ev
FNDA:1,_ZN44copy_constructor_suite_double_true_test_TestD1Ev
FNDA:1,_ZN44copy_constructor_suite_double_true_test_TestD2Ev
FNDA:1,_ZN43copy_constructor_suite_float_true_test_Test8TestBodyEv
FNDA:1,_ZN43copy_constructor_suite_float_true_test_TestC1Ev
FNDA:1,_ZN43copy_constructor_suite_float_true_test_TestC2Ev
FNDA:1,_ZN43copy_constructor_suite_float_true_test_TestD0Ev
FNDA:1,_ZN43copy_constructor_suite_float_true_test_TestD1Ev
FNDA:1,_ZN43copy_constructor_suite_float_true_test_TestD2Ev
FNDA:1,_ZN44copy_constructor_suite_struct_true_test_Test8TestBodyEv
FNDA:1,_ZN44copy_constructor_suite_struct_true_test_TestC1Ev
FNDA:1,_ZN44copy_constructor_suite_struct_true_test_TestC2Ev
FNDA:1,_ZN44copy_constructor_suite_struct_true_test_TestD0Ev
FNDA:1,_ZN44copy_constructor_suite_struct_true_test_TestD1Ev
FNDA:1,_ZN44copy_constructor_suite_struct_true_test_TestD2Ev
FNDA:1,_ZN41move_constructor_suite_int_true_test_Test8TestBodyEv
FNDA:1,_ZN41move_constructor_suite_int_true_test_TestC1Ev
FNDA:1,_ZN41move_constructor_suite_int_true_test_TestC2Ev
FNDA:1,_ZN41move_constructor_suite_int_true_test_TestD0Ev
FNDA:1,_ZN41move_constructor_suite_int_true_test_TestD1Ev
FNDA:1,_ZN41move_constructor_suite_int_true_test_TestD2Ev
FNDA:1,_ZN47default_constructor_suite_double_true_test_Test8TestBodyEv
FNDA:1,_ZN47default_constructor_suite_double_true_test_TestC1Ev
FNDA:1,_ZN47default_constructor_suite_double_true_test_TestC2Ev
FNDA:1,_ZN47default_constructor_suite_double_true_test_TestD0Ev
FNDA:1,_ZN47default_constructor_suite_double_true_test_TestD1Ev
FNDA:1,_ZN47default_constructor_suite_double_true_test_TestD2Ev
FNDA:1,_ZN44move_constructor_suite_double_true_test_Test8TestBodyEv
FNDA:1,_ZN44move_constructor_suite_double_true_test_TestC1Ev
FNDA:1,_ZN44move_constructor_suite_double_true_test_TestC2Ev
FNDA:1,_ZN44move_constructor_suite_double_true_test_TestD0Ev
FNDA:1,_ZN44move_constructor_suite_double_true_test_TestD1Ev
FNDA:1,_ZN44move_constructor_suite_double_true_test_TestD2Ev
FNDA:1,_ZN43move_constructor_suite_float_true_test_Test8TestBodyEv
FNDA:1,_ZN43move_constructor_suite_float_true_test_TestC1Ev
FNDA:1,_ZN43move_constructor_suite_float_true_test_TestC2Ev
FNDA:1,_ZN43move_constructor_suite_float_true_test_TestD0Ev
FNDA:1,_ZN43move_constructor_suite_float_true_test_TestD1Ev
FNDA:1,_ZN43move_constructor_suite_float_true_test_TestD2Ev
FNDA:1,_ZN44move_constructor_suite_struct_true_test_Test8TestBodyEv
FNDA:1,_ZN44move_constructor_suite_struct_true_test_TestC1Ev
FNDA:1,_ZN44move_constructor_suite_struct_true_test_TestC2Ev
FNDA:1,_ZN44move_constructor_suite_struct_true_test_TestD0Ev
FNDA:1,_ZN44move_constructor_suite_struct_true_test_TestD1Ev
FNDA:1,_ZN44move_constructor_suite_struct_true_test_TestD2Ev
FNDA:1,_ZN50move_operator_constructor_suite_int_true_test_Test8TestBodyEv
FNDA:1,_ZN50move_operator_constructor_suite_int_true_test_TestC1Ev
FNDA:1,_ZN50move_operator_constructor_suite_int_true_test_TestC2Ev
FNDA:1,_ZN50move_operator_constructor_suite_int_true_test_TestD0Ev
FNDA:1,_ZN50move_operator_constructor_suite_int_true_test_TestD1Ev
FNDA:1,_ZN50move_operator_constructor_suite_int_true_test_TestD2Ev
FNDA:1,_ZN46default_constructor_suite_float_true_test_Test8TestBodyEv
FNDA:1,_ZN46default_constructor_suite_float_true_test_TestC1Ev
FNDA:1,_ZN46default_constructor_suite_float_true_test_TestC2Ev
FNDA:1,_ZN46default_constructor_suite_float_true_test_TestD0Ev
FNDA:1,_ZN46default_constructor_suite_float_true_test_TestD1Ev
FNDA:1,_ZN46default_constructor_suite_float_true_test_TestD2Ev
FNDA:1,_ZN53move_operator_constructor_suite_double_true_test_Test8TestBodyEv
FNDA:1,_ZN53move_operator_constructor_suite_double_true_test_TestC1Ev
FNDA:1,_ZN53move_operator_constructor_suite_double_true_test_TestC2Ev
FNDA:1,_ZN53move_operator_constructor_suite_double_true_test_TestD0Ev
FNDA:1,_ZN53move_operator_constructor_suite_double_true_test_TestD1Ev
FNDA:1,_ZN53move_operator_constructor_suite_double_true_test_TestD2Ev
FNDA:1,_ZN52move_operator_constructor_suite_float_true_test_Test8TestBodyEv
FNDA:1,_ZN52move_operator_constructor_suite_float_true_test_TestC1Ev
FNDA:1,_ZN52move_operator_constructor_suite_float_true_test_TestC2Ev
FNDA:1,_ZN52move_operator_constructor_suite_float_true_test_TestD0Ev
FNDA:1,_ZN52move_operator_constructor_suite_float_true_test_TestD1Ev
FNDA:1,_ZN52move_operator_constructor_suite_float_true_test_TestD2Ev
FNDA:1,_ZN53move_operator_constructor_suite_struct_true_test_Test8TestBodyEv
FNDA:1,_ZN53move_operator_constructor_suite_struct_true_test_TestC1Ev
FNDA:1,_ZN53move_operator_constructor_suite_struct_true_test_TestC2Ev
FNDA:1,_ZN53move_operator_constructor_suite_struct_true_test_TestD0Ev
FNDA:1,_ZN53move_operator_constructor_suite_struct_true_test_TestD1Ev
FNDA:1,_ZN53move_operator_constructor_suite_struct_true_test_TestD2Ev
FNDA:1,_ZN26front_suite_true_test_Test8TestBodyEv
FNDA:1,_ZN26front_suite_true_test_TestC1Ev
FNDA:1,_ZN26front_suite_true_test_TestC2Ev
FNDA:1,_ZN26front_suite_true_test_TestD0Ev
FNDA:1,_ZN26front_suite_true_test_TestD1Ev
FNDA:1,_ZN26front_suite_true_test_TestD2Ev
FNDA:1,_ZN25front_suite_pop_test_Test8TestBodyEv
FNDA:1,_ZN25front_suite_pop_test_TestC1Ev
FNDA:1,_ZN25front_suite_pop_test_TestC2Ev
FNDA:1,_ZN25front_suite_pop_test_TestD0Ev
FNDA:1,_ZN25front_suite_pop_test_TestD1Ev
FNDA:1,_ZN25front_suite_pop_test_TestD2Ev
FNDA:1,_ZN26front_suite_push_test_Test8TestBodyEv
FNDA:1,_ZN26front_suite_push_test_TestC1Ev
FNDA:1,_ZN26front_suite_push_test_TestC2Ev
FNDA:1,_ZN26front_suite_push_test_TestD0Ev
FNDA:1,_ZN26front_suite_push_test_TestD1Ev
FNDA:1,_ZN26front_suite_push_test_TestD2Ev
FNDA:1,_ZN26front_suite_swap_test_Test8TestBodyEv
FNDA:1,_ZN26front_suite_swap_test_TestC1Ev
FNDA:1,_ZN26front_suite_swap_test_TestC2Ev
FNDA:1,_ZN26front_suite_swap_test_TestD0Ev
FNDA:1,_ZN26front_suite_swap_test_TestD1Ev
FNDA:1,_ZN26front_suite_swap_test_TestD2Ev
FNDA:1,_ZN47default_constructor_suite_struct_true_test_Test8TestBodyEv
FNDA:1,_ZN47default_constructor_suite_struct_true_test_TestC1Ev
FNDA:1,_ZN47default_constructor_suite_struct_true_test_TestC2Ev
FNDA:1,_ZN47default_constructor_suite_struct_true_test_TestD0Ev
FNDA:1,_ZN47default_constructor_suite_struct_true_test_TestD1Ev
FNDA:1,_ZN47default_constructor_suite_struct_true_test_TestD2Ev
FNDA:1,_ZN25back_suite_true_test_Test8TestBodyEv
FNDA:1,_ZN25back_suite_true_test_TestC1Ev
FNDA:1,_ZN25back_suite_true_test_TestC2Ev
FNDA:1,_ZN25back_suite_true_test_TestD0Ev
FNDA:1,_ZN25back_suite_true_test_TestD1Ev
FNDA:1,_ZN25back_suite_true_test_TestD2Ev
FNDA:1,_ZN25back_suite_push_test_Test8TestBodyEv
FNDA:1,_ZN25back_suite_push_test_TestC1Ev
FNDA:1,_ZN25back_suite_push_test_TestC2Ev
FNDA:1,_ZN25back_suite_push_test_TestD0Ev
FNDA:1,_ZN25back_suite_push_test_TestD1Ev
FNDA:1,_ZN25back_suite_push_test_TestD2Ev
FNDA:1,_ZN24back_suite_pop_test_Test8TestBodyEv
FNDA:1,_ZN24back_suite_pop_test_TestC1Ev
FNDA:1,_ZN24back_suite_pop_test_TestC2Ev
FNDA:1,_ZN24back_suite_pop_test_TestD0Ev
FNDA:1,_ZN24back_suite_pop_test_TestD1Ev
FNDA:1,_ZN24back_suite_pop_test_TestD2Ev
FNDA:1,_ZN25back_suite_swap_test_Test8TestBodyEv
FNDA:1,_ZN25back_suite_swap_test_TestC1Ev
FNDA:1,_ZN25back_suite_swap_test_TestC2Ev
FNDA:1,_ZN25back_suite_swap_test_TestD0Ev
FNDA:1,_ZN25back_suite_swap_test_TestD1Ev
FNDA:1,_ZN25back_suite_swap_test_TestD2Ev
FNDA:1,_ZN35iterator_begin_suite_true_test_Test8TestBodyEv
FNDA:1,_ZN35iterator_begin_suite_true_test_TestC1Ev
FNDA:1,_ZN35iterator_begin_suite_true_test_TestC2Ev
FNDA:1,_ZN35iterator_begin_suite_true_test_TestD0Ev
FNDA:1,_ZN35iterator_begin_suite_true_test_TestD1Ev
FNDA:1,_ZN35iterator_begin_suite_true_test_TestD2Ev
FNDA:1,_ZN36iterator_begin_suite_empty_test_Test8TestBodyEv
FNDA:1,_ZN36iterator_begin_suite_empty_test_TestC1Ev
FNDA:1,_ZN36iterator_begin_suite_empty_test_TestC2Ev
FNDA:1,_ZN36iterator_begin_suite_empty_test_TestD0Ev
FNDA:1,_ZN36iterator_begin_suite_empty_test_TestD1Ev
FNDA:1,_ZN36iterator_begin_suite_empty_test_TestD2Ev
FNDA:1,_ZN34iterator_begin_suite_pop_test_Test8TestBodyEv
FNDA:1,_ZN34iterator_begin_suite_pop_test_TestC1Ev
FNDA:1,_ZN34iterator_begin_suite_pop_test_TestC2Ev
FNDA:1,_ZN34iterator_begin_suite_pop_test_TestD0Ev
FNDA:1,_ZN34iterator_begin_suite_pop_test_TestD1Ev
FNDA:1,_ZN34iterator_begin_suite_pop_test_TestD2Ev
FNDA:1,_ZN35iterator_begin_suite_push_test_Test8TestBodyEv
FNDA:1,_ZN35iterator_begin_suite_push_test_TestC1Ev
FNDA:1,_ZN35iterator_begin_suite_push_test_TestC2Ev
FNDA:1,_ZN35iterator_begin_suite_push_test_TestD0Ev
FNDA:1,_ZN35iterator_begin_suite_push_test_TestD1Ev
FNDA:1,_ZN35iterator_begin_suite_push_test_TestD2Ev
FNDA:1,_ZN33iterator_end_suite_true_test_Test8TestBodyEv
FNDA:1,_ZN33iterator_end_suite_true_test_TestC1Ev
FNDA:1,_ZN33iterator_end_suite_true_test_TestC2Ev
FNDA:1,_ZN33iterator_end_suite_true_test_TestD0Ev
FNDA:1,_ZN33iterator_end_suite_true_test_TestD1Ev
FNDA:1,_ZN33iterator_end_suite_true_test_TestD2Ev
FNDA:1,_ZN34iterator_end_suite_empty_test_Test8TestBodyEv
FNDA:1,_ZN34iterator_end_suite_empty_test_TestC1Ev
FNDA:1,_ZN34iterator_end_suite_empty_test_TestC2Ev
FNDA:1,_ZN34iterator_end_suite_empty_test_TestD0Ev
FNDA:1,_ZN34iterator_end_suite_empty_test_TestD1Ev
FNDA:1,_ZN34iterator_end_suite_empty_test_TestD2Ev
FNDA:1,_ZN32iterator_end_suite_pop_test_Test8TestBodyEv
FNDA:1,_ZN32iterator_end_suite_pop_test_TestC1Ev
FNDA:1,_ZN32iterator_end_suite_pop_test_TestC2Ev
FNDA:1,_ZN32iterator_end_suite_pop_test_TestD0Ev
FNDA:1,_ZN32iterator_end_suite_pop_test_TestD1Ev
FNDA:1,_ZN32iterator_end_suite_pop_test_TestD2Ev
FNDA:1,_ZN33iterator_end_suite_push_test_Test8TestBodyEv
FNDA:1,_ZN33iterator_end_suite_push_test_TestC1Ev
FNDA:1,_ZN33iterator_end_suite_push_test_TestC2Ev
FNDA:1,_ZN33iterator_end_suite_push_test_TestD0Ev
FNDA:1,_ZN33iterator_end_suite_push_test_TestD1Ev
FNDA:1,_ZN33iterator_end_suite_push_test_TestD2Ev
FNDA:1,_ZN50parameterized_constructor_suite_int_true_test_Test8TestBodyEv
FNDA:1,_ZN50parameterized_constructor_suite_int_true_test_TestC1Ev
FNDA:1,_ZN50parameterized_constructor_suite_int_true_test_TestC2Ev
FNDA:1,_ZN50parameterized_constructor_suite_int_true_test_TestD0Ev
FNDA:1,_ZN50parameterized_constructor_suite_int_true_test_TestD1Ev
FNDA:1,_ZN50parameterized_constructor_suite_int_true_test_TestD2Ev
FNDA:1,_ZN25empty_suit_true_test_Test8TestBodyEv
FNDA:1,_ZN25empty_suit_true_test_TestC1Ev
FNDA:1,_ZN25empty_suit_true_test_TestC2Ev
FNDA:1,_ZN25empty_suit_true_test_TestD0Ev
FNDA:1,_ZN25empty_suit_true_test_TestD1Ev
FNDA:1,_ZN25empty_suit_true_test_TestD2Ev
FNDA:1,_ZN28empty_suit_cleaned_test_Test8TestBodyEv
FNDA:1,_ZN28empty_suit_cleaned_test_TestC1Ev
FNDA:1,_ZN28empty_suit_cleaned_test_TestC2Ev
FNDA:1,_ZN28empty_suit_cleaned_test_TestD0Ev
FNDA:1,_ZN28empty_suit_cleaned_test_TestD1Ev
FNDA:1,_ZN28empty_suit_cleaned_test_TestD2Ev
FNDA:1,_ZN27empty_suit_merged_test_Test8TestBodyEv
FNDA:1,_ZN27empty_suit_merged_test_TestC1Ev
FNDA:1,_ZN27empty_suit_merged_test_TestC2Ev
FNDA:1,_ZN27empty_suit_merged_test_TestD0Ev
FNDA:1,_ZN27empty_suit_merged_test_TestD1Ev
FNDA:1,_ZN27empty_suit_merged_test_TestD2Ev
FNDA:1,_ZN28empty_suit_spliced_test_Test8TestBodyEv
FNDA:1,_ZN28empty_suit_spliced_test_TestC1Ev
FNDA:1,_ZN28empty_suit_spliced_test_TestC2Ev
FNDA:1,_ZN28empty_suit_spliced_test_TestD0Ev
FNDA:1,_ZN28empty_suit_spliced_test_TestD1Ev
FNDA:1,_ZN28empty_suit_spliced_test_TestD2Ev
FNDA:1,_ZN25size_suite_true_test_Test8TestBodyEv
FNDA:1,_ZN25size_suite_true_test_TestC1Ev
FNDA:1,_ZN25size_suite_true_test_TestC2Ev
FNDA:1,_ZN25size_suite_true_test_TestD0Ev
FNDA:1,_ZN25size_suite_true_test_TestD1Ev
FNDA:1,_ZN25size_suite_true_test_TestD2Ev
FNDA:1,_ZN26size_suite_empty_test_Test8TestBodyEv
FNDA:1,_ZN26size_suite_empty_test_TestC1Ev
FNDA:1,_ZN26size_suite_empty_test_TestC2Ev
FNDA:1,_ZN26size_suite_empty_test_TestD0Ev
FNDA:1,_ZN26size_suite_empty_test_TestD1Ev
FNDA:1,_ZN26size_suite_empty_test_TestD2Ev
FNDA:1,_ZN28size_suite_cleaned_test_Test8TestBodyEv
FNDA:1,_ZN28size_suite_cleaned_test_TestC1Ev
FNDA:1,_ZN28size_suite_cleaned_test_TestC2Ev
FNDA:1,_ZN28size_suite_cleaned_test_TestD0Ev
FNDA:1,_ZN28size_suite_cleaned_test_TestD1Ev
FNDA:1,_ZN28size_suite_cleaned_test_TestD2Ev
FNDA:1,_ZN53parameterized_constructor_suite_double_true_test_Test8TestBodyEv
FNDA:1,_ZN53parameterized_constructor_suite_double_true_test_TestC1Ev
FNDA:1,_ZN53parameterized_constructor_suite_double_true_test_TestC2Ev
FNDA:1,_ZN53parameterized_constructor_suite_double_true_test_TestD0Ev
FNDA:1,_ZN53parameterized_constructor_suite_double_true_test_TestD1Ev
FNDA:1,_ZN53parameterized_constructor_suite_double_true_test_TestD2Ev
FNDA:1,_ZN32size_suite_erase_empty_test_Test8TestBodyEv
FNDA:1,_ZN32size_suite_erase_empty_test_TestC1Ev
FNDA:1,_ZN32size_suite_erase_empty_test_TestC2Ev
FNDA:1,_ZN32size_suite_erase_empty_test_TestD0Ev
FNDA:1,_ZN32size_suite_erase_empty_test_TestD1Ev
FNDA:1,_ZN32size_suite_erase_empty_test_TestD2Ev
FNDA:1,_ZN38size_suite_erase_one_element_test_Test8TestBodyEv
FNDA:1,_ZN38size_suite_erase_one_element_test_TestC1Ev
FNDA:1,_ZN38size_suite_erase_one_element_test_TestC2Ev
FNDA:1,_ZN38size_suite_erase_one_element_test_TestD0Ev
FNDA:1,_ZN38size_suite_erase_one_element_test_TestD1Ev
FNDA:1,_ZN38size_suite_erase_one_element_test_TestD2Ev
FNDA:1,_ZN41size_suite_add_back_one_element_test_Test8TestBodyEv
FNDA:1,_ZN41size_suite_add_back_one_element_test_TestC1Ev
FNDA:1,_ZN41size_suite_add_back_one_element_test_TestC2Ev
FNDA:1,_ZN41size_suite_add_back_one_element_test_TestD0Ev
FNDA:1,_ZN41size_suite_add_back_one_element_test_TestD1Ev
FNDA:1,_ZN41size_suite_add_back_one_element_test_TestD2Ev
FNDA:1,_ZN42size_suite_add_front_one_element_test_Test8TestBodyEv
FNDA:1,_ZN42size_suite_add_front_one_element_test_TestC1Ev
FNDA:1,_ZN42size_suite_add_front_one_element_test_TestC2Ev
FNDA:1,_ZN42size_suite_add_front_one_element_test_TestD0Ev
FNDA:1,_ZN42size_suite_add_front_one_element_test_TestD1Ev
FNDA:1,_ZN42size_suite_add_front_one_element_test_TestD2Ev
FNDA:1,_ZN44size_suite_delete_back_one_element_test_Test8TestBodyEv
FNDA:1,_ZN44size_suite_delete_back_one_element_test_TestC1Ev
FNDA:1,_ZN44size_suite_delete_back_one_element_test_TestC2Ev
FNDA:1,_ZN44size_suite_delete_back_one_element_test_TestD0Ev
FNDA:1,_ZN44size_suite_delete_back_one_element_test_TestD1Ev
FNDA:1,_ZN44size_suite_delete_back_one_element_test_TestD2Ev
FNDA:1,_ZN45size_suite_delete_front_one_element_test_Test8TestBodyEv
FNDA:1,_ZN45size_suite_delete_front_one_element_test_TestC1Ev
FNDA:1,_ZN45size_suite_delete_front_one_element_test_TestC2Ev
FNDA:1,_ZN45size_suite_delete_front_one_element_test_TestD0Ev
FNDA:1,_ZN45size_suite_delete_front_one_element_test_TestD1Ev
FNDA:1,_ZN45size_suite_delete_front_one_element_test_TestD2Ev
FNDA:1,_ZN27insert_suite_true_test_Test8TestBodyEv
FNDA:1,_ZN27insert_suite_true_test_TestC1Ev
FNDA:1,_ZN27insert_suite_true_test_TestC2Ev
FNDA:1,_ZN27insert_suite_true_test_TestD0Ev
FNDA:1,_ZN27insert_suite_true_test_TestD1Ev
FNDA:1,_ZN27insert_suite_true_test_TestD2Ev
FNDA:1,_ZN52parameterized_constructor_suite_float_true_test_Test8TestBodyEv
FNDA:1,_ZN52parameterized_constructor_suite_float_true_test_TestC1Ev
FNDA:1,_ZN52parameterized_constructor_suite_float_true_test_TestC2Ev
FNDA:1,_ZN52parameterized_constructor_suite_float_true_test_TestD0Ev
FNDA:1,_ZN52parameterized_constructor_suite_float_true_test_TestD1Ev
FNDA:1,_ZN52parameterized_constructor_suite_float_true_test_TestD2Ev
FNDA:1,_ZN28insert_suite_empty_test_Test8TestBodyEv
FNDA:1,_ZN28insert_suite_empty_test_TestC1Ev
FNDA:1,_ZN28insert_suite_empty_test_TestC2Ev
FNDA:1,_ZN28insert_suite_empty_test_TestD0Ev
FNDA:1,_ZN28insert_suite_empty_test_TestD1Ev
FNDA:1,_ZN28insert_suite_empty_test_TestD2Ev
FNDA:1,_ZN28insert_suite_front_test_Test8TestBodyEv
FNDA:1,_ZN28insert_suite_front_test_TestC1Ev
FNDA:1,_ZN28insert_suite_front_test_TestC2Ev
FNDA:1,_ZN28insert_suite_front_test_TestD0Ev
FNDA:1,_ZN28insert_suite_front_test_TestD1Ev
FNDA:1,_ZN28insert_suite_front_test_TestD2Ev
FNDA:1,_ZN27insert_suite_back_test_Test8TestBodyEv
FNDA:1,_ZN27insert_suite_back_test_TestC1Ev
FNDA:1,_ZN27insert_suite_back_test_TestC2Ev
FNDA:1,_ZN27insert_suite_back_test_TestD0Ev
FNDA:1,_ZN27insert_suite_back_test_TestD1Ev
FNDA:1,_ZN27insert_suite_back_test_TestD2Ev
FNDA:1,_ZN26clear_suite_true_test_Test8TestBodyEv
FNDA:1,_ZN26clear_suite_true_test_TestC1Ev
FNDA:1,_ZN26clear_suite_true_test_TestC2Ev
FNDA:1,_ZN26clear_suite_true_test_TestD0Ev
FNDA:1,_ZN26clear_suite_true_test_TestD1Ev
FNDA:1,_ZN26clear_suite_true_test_TestD2Ev
FNDA:1,_ZN53parameterized_constructor_suite_struct_true_test_Test8TestBodyEv
FNDA:1,_ZN53parameterized_constructor_suite_struct_true_test_TestC1Ev
FNDA:1,_ZN53parameterized_constructor_suite_struct_true_test_TestC2Ev
FNDA:1,_ZN53parameterized_constructor_suite_struct_true_test_TestD0Ev
FNDA:1,_ZN53parameterized_constructor_suite_struct_true_test_TestD1Ev
FNDA:1,_ZN53parameterized_constructor_suite_struct_true_test_TestD2Ev
FNDA:1,_ZN27clear_suite_empty_test_Test8TestBodyEv
FNDA:1,_ZN27clear_suite_empty_test_TestC1Ev
FNDA:1,_ZN27clear_suite_empty_test_TestC2Ev
FNDA:1,_ZN27clear_suite_empty_test_TestD0Ev
FNDA:1,_ZN27clear_suite_empty_test_TestD1Ev
FNDA:1,_ZN27clear_suite_empty_test_TestD2Ev
FNDA:1,_ZN26erase_suite_true_test_Test8TestBodyEv
FNDA:1,_ZN26erase_suite_true_test_TestC1Ev
FNDA:1,_ZN26erase_suite_true_test_TestC2Ev
FNDA:1,_ZN26erase_suite_true_test_TestD0Ev
FNDA:1,_ZN26erase_suite_true_test_TestD1Ev
FNDA:1,_ZN26erase_suite_true_test_TestD2Ev
FNDA:1,_ZN30push_back_suite_true_test_Test8TestBodyEv
FNDA:1,_ZN30push_back_suite_true_test_TestC1Ev
FNDA:1,_ZN30push_back_suite_true_test_TestC2Ev
FNDA:1,_ZN30push_back_suite_true_test_TestD0Ev
FNDA:1,_ZN30push_back_suite_true_test_TestD1Ev
FNDA:1,_ZN30push_back_suite_true_test_TestD2Ev
FNDA:1,_ZN31push_front_suite_true_test_Test8TestBodyEv
FNDA:1,_ZN31push_front_suite_true_test_TestC1Ev
FNDA:1,_ZN31push_front_suite_true_test_TestC2Ev
FNDA:1,_ZN31push_front_suite_true_test_TestD0Ev
FNDA:1,_ZN31push_front_suite_true_test_TestD1Ev
FNDA:1,_ZN31push_front_suite_true_test_TestD2Ev
FNDA:1,_ZN29pop_back_suite_true_test_Test8TestBodyEv
FNDA:1,_ZN29pop_back_suite_true_test_TestC1Ev
FNDA:1,_ZN29pop_back_suite_true_test_TestC2Ev
FNDA:1,_ZN29pop_back_suite_true_test_TestD0Ev
FNDA:1,_ZN29pop_back_suite_true_test_TestD1Ev
FNDA:1,_ZN29pop_back_suite_true_test_TestD2Ev
FNDA:1,_ZN30pop_front_suite_true_test_Test8TestBodyEv
FNDA:1,_ZN30pop_front_suite_true_test_TestC1Ev
FNDA:1,_ZN30pop_front_suite_true_test_TestC2Ev
FNDA:1,_ZN30pop_front_suite_true_test_TestD0Ev
FNDA:1,_ZN30pop_front_suite_true_test_TestD1Ev
FNDA:1,_ZN30pop_front_suite_true_test_TestD2Ev
FNDA:1,_ZN25swap_suite_true_test_Test8TestBodyEv
FNDA:1,_ZN25swap_suite_true_test_TestC1Ev
FNDA:1,_ZN25swap_suite_true_test_TestC2Ev
FNDA:1,_ZN25swap_suite_true_test_TestD0Ev
FNDA:1,_ZN25swap_suite_true_test_TestD1Ev
FNDA:1,_ZN25swap_suite_true_test_TestD2Ev
FNDA:1,_ZN80overloading_assignment_and_dereference_iterator_suite_overloading_true_test_Test8TestBodyEv
FNDA:1,_ZN80overloading_assignment_and_dereference_iterator_suite_overloading_true_test_TestC1Ev
FNDA:1,_ZN80overloading_assignment_and_dereference_iterator_suite_overloading_true_test_TestC2Ev
FNDA:1,_ZN80overloading_assignment_and_dereference_iterator_suite_overloading_true_test_TestD0Ev
FNDA:1,_ZN80overloading_assignment_and_dereference_iterator_suite_overloading_true_test_TestD1Ev
FNDA:1,_ZN80overloading_assignment_and_dereference_iterator_suite_overloading_true_test_TestD2Ev
FNDA:1,_ZN48initializer_constructor_suite_int_true_test_Test8TestBodyEv
FNDA:1,_ZN48initializer_constructor_suite_int_true_test_TestC1Ev
FNDA:1,_ZN48initializer_constructor_suite_int_true_test_TestC2Ev
FNDA:1,_ZN48initializer_constructor_suite_int_true_test_TestD0Ev
FNDA:1,_ZN48initializer_constructor_suite_int_true_test_TestD1Ev
FNDA:1,_ZN48initializer_constructor_suite_int_true_test_TestD2Ev
FNDA:1,_ZN42overloading_increment_suite_true_test_Test8TestBodyEv
FNDA:1,_ZN42overloading_increment_suite_true_test_TestC1Ev
FNDA:1,_ZN42overloading_increment_suite_true_test_TestC2Ev
FNDA:1,_ZN42overloading_increment_suite_true_test_TestD0Ev
FNDA:1,_ZN42overloading_increment_suite_true_test_TestD1Ev
FNDA:1,_ZN42overloading_increment_suite_true_test_TestD2Ev
FNDA:1,_ZN50overloading_increment_suite_end_to_begin_test_Test8TestBodyEv
FNDA:1,_ZN50overloading_increment_suite_end_to_begin_test_TestC1Ev
FNDA:1,_ZN50overloading_increment_suite_end_to_begin_test_TestC2Ev
FNDA:1,_ZN50overloading_increment_suite_end_to_begin_test_TestD0Ev
FNDA:1,_ZN50overloading_increment_suite_end_to_begin_test_TestD1Ev
FNDA:1,_ZN50overloading_increment_suite_end_to_begin_test_TestD2Ev
FNDA:1,_ZN42overloading_decrement_suite_true_test_Test8TestBodyEv
FNDA:1,_ZN42overloading_decrement_suite_true_test_TestC1Ev
FNDA:1,_ZN42overloading_decrement_suite_true_test_TestC2Ev
FNDA:1,_ZN42overloading_decrement_suite_true_test_TestD0Ev
FNDA:1,_ZN42overloading_decrement_suite_true_test_TestD1Ev
FNDA:1,_ZN42overloading_decrement_suite_true_test_TestD2Ev
FNDA:1,_ZN27unique_suite_true_test_Test8TestBodyEv
FNDA:1,_ZN27unique_suite_true_test_TestC1Ev
FNDA:1,_ZN27unique_suite_true_test_TestC2Ev
FNDA:1,_ZN27unique_suite_true_test_TestD0Ev
FNDA:1,_ZN27unique_suite_true_test_TestD1Ev
FNDA:1,_ZN27unique_suite_true_test_TestD2Ev
FNDA:1,_ZN37reverse_suite_functionality_test_Test8TestBodyEv
FNDA:1,_ZN37reverse_suite_functionality_test_TestC1Ev
FNDA:1,_ZN37reverse_suite_functionality_test_TestC2Ev
FNDA:1,_ZN37reverse_suite_functionality_test_TestD0Ev
FNDA:1,_ZN37reverse_suite_functionality_test_TestD1Ev
FNDA:1,_ZN37reverse_suite_functionality_test_TestD2Ev
FNDA:1,_ZN51initializer_constructor_suite_double_true_test_Test8TestBodyEv
FNDA:1,_ZN51initializer_constructor_suite_double_true_test_TestC1Ev
FNDA:1,_ZN51initializer_constructor_suite_double_true_test_TestC2Ev
FNDA:1,_ZN51initializer_constructor_suite_double_true_test_TestD0Ev
FNDA:1,_ZN51initializer_constructor_suite_double_true_test_TestD1Ev
FNDA:1,_ZN51initializer_constructor_suite_double_true_test_TestD2Ev
FNDA:1,_ZN29reverse_suite_empty_list_Test8TestBodyEv
FNDA:1,_ZN29reverse_suite_empty_list_TestC1Ev
FNDA:1,_ZN29reverse_suite_empty_list_TestC2Ev
FNDA:1,_ZN29reverse_suite_empty_list_TestD0Ev
FNDA:1,_ZN29reverse_suite_empty_list_TestD1Ev
FNDA:1,_ZN29reverse_suite_empty_list_TestD2Ev
FNDA:1,main
FNF:505
FNH:505
DA:12,7
DA:13,1
DA:14,1
DA:16,1
DA:17,1
DA:18,1
DA:20,7
DA:21,1
DA:22,1
DA:24,1
DA:25,1
DA:26,1
DA:28,7
DA:29,1
DA:30,1
DA:32,1
DA:33,1
DA:34,1
DA:36,7
DA:43,1
DA:44,1
DA:46,1
DA:47,1
DA:48,1
DA:50,7
DA:51,1
DA:52,1
DA:54,1
DA:55,1
DA:56,1
DA:58,7
DA:59,1
DA:60,1
DA:62,1
DA:63,1
DA:64,1
DA:66,7
DA:67,1
DA:68,1
DA:70,1
DA:71,1
DA:72,1
DA:74,7
DA:81,1
DA:82,1
DA:84,1
DA:85,1
DA:86,1
DA:88,7
DA:89,1
DA:90,1
DA:92,1
DA:93,1
DA:94,1
DA:96,7
DA:97,1
DA:98,1
DA:100,1
DA:101,1
DA:102,1
DA:104,7
DA:105,1
DA:106,1
DA:108,1
DA:109,1
DA:110,1
DA:112,7
DA:118,1
DA:119,1
DA:120,1
DA:122,1
DA:123,1
DA:124,1
DA:129,7
DA:130,1
DA:131,1
DA:132,1
DA:133,1
DA:135,1
DA:136,1
DA:138,1
DA:139,1
DA:141,1
DA:142,1
DA:143,1
DA:145,7
DA:146,1
DA:147,1
DA:148,1
DA:149,1
DA:151,1
DA:152,1
DA:154,1
DA:155,1
DA:157,1
DA:158,1
DA:159,1
DA:161,7
DA:162,1
DA:163,1
DA:164,1
DA:165,1
DA:167,1
DA:168,1
DA:170,1
DA:171,1
DA:173,1
DA:174,1
DA:176,7
DA:183,1
DA:184,1
DA:185,1
DA:186,1
DA:188,1
DA:189,1
DA:191,1
DA:192,1
DA:194,1
DA:195,1
DA:196,1
DA:198,7
DA:199,1
DA:200,1
DA:201,1
DA:202,1
DA:204,1
DA:205,1
DA:207,1
DA:208,1
DA:210,1
DA:211,1
DA:212,1
DA:214,7
DA:215,1
DA:216,1
DA:217,1
DA:218,1
DA:220,1
DA:221,1
DA:223,1
DA:224,1
DA:226,1
DA:227,1
DA:228,1
DA:230,7
DA:231,1
DA:232,1
DA:233,1
DA:234,1
DA:236,1
DA:237,1
DA:239,1
DA:240,1
DA:242,1
DA:243,1
DA:244,1
DA:246,7
DA:252,1
DA:253,1
DA:254,1
DA:255,1
DA:256,1
DA:258,1
DA:259,1
DA:261,1
DA:262,1
DA:264,1
DA:265,1
DA:266,1
DA:268,7
DA:269,1
DA:270,1
DA:271,1
DA:272,1
DA:274,1
DA:275,1
DA:276,1
DA:277,1
DA:278,1
DA:280,7
DA:281,1
DA:282,1
DA:283,1
DA:284,1
DA:286,1
DA:287,1
DA:288,1
DA:289,1
DA:290,1
DA:292,7
DA:293,1
DA:294,1
DA:295,1
DA:296,1
DA:298,1
DA:299,1
DA:300,1
DA:301,1
DA:302,1
DA:304,7
DA:310,1
DA:311,1
DA:312,1
DA:313,1
DA:314,1
DA:316,1
DA:317,1
DA:318,1
DA:319,1
DA:320,1
DA:323,7
DA:324,1
DA:325,1
DA:327,1
DA:328,1
DA:330,7
DA:331,1
DA:332,1
DA:334,1
DA:335,1
DA:337,1
DA:338,1
DA:340,7
DA:341,1
DA:342,1
DA:343,1
DA:344,1
DA:346,1
DA:347,1
DA:348,1
DA:349,1
DA:351,1
DA:352,1
DA:353,1
DA:355,7
DA:356,1
DA:357,1
DA:358,1
DA:359,1
DA:361,1
DA:362,1
DA:364,1
DA:365,1
DA:366,1
DA:368,7
DA:369,1
DA:370,1
DA:372,1
DA:373,1
DA:375,7
DA:376,1
DA:377,1
DA:378,1
DA:379,1
DA:381,1
DA:382,1
DA:383,1
DA:384,1
DA:386,1
DA:387,1
DA:388,1
DA:390,7
DA:391,1
DA:392,1
DA:394,1
DA:395,1
DA:397,1
DA:398,1
DA:400,7
DA:401,1
DA:402,1
DA:403,1
DA:404,1
DA:406,1
DA:407,1
DA:409,1
DA:410,1
DA:411,1
DA:414,7
DA:415,1
DA:416,1
DA:417,1
DA:418,1
DA:420,1
DA:421,1
DA:423,7
DA:424,1
DA:425,1
DA:426,1
DA:427,1
DA:429,1
DA:430,1
DA:432,7
DA:433,1
DA:434,1
DA:436,1
DA:437,1
DA:439,1
DA:440,1
DA:442,1
DA:443,1
DA:445,7
DA:446,1
DA:447,1
DA:448,1
DA:449,1
DA:451,1
DA:452,1
DA:454,1
DA:455,1
DA:457,7
DA:458,1
DA:459,1
DA:460,1
DA:461,1
DA:463,1
DA:464,1
DA:466,1
DA:467,1
DA:469,7
DA:470,1
DA:471,1
DA:472,1
DA:473,1
DA:475,1
DA:476,1
DA:478,7
DA:479,1
DA:480,1
DA:482,1
DA:483,1
DA:485,1
DA:486,1
DA:488,1
DA:489,1
DA:491,1
DA:492,1
DA:494,7
DA:495,1
DA:496,1
DA:497,1
DA:498,1
DA:500,1
DA:501,1
DA:503,1
DA:504,1
DA:506,1
DA:507,1
DA:510,7
DA:511,1
DA:512,1
DA:514,1
DA:515,1
DA:517,7
DA:518,1
DA:519,1
DA:521,1
DA:522,1
DA:524,1
DA:525,1
DA:527,7
DA:528,1
DA:529,1
DA:530,1
DA:531,1
DA:533,1
DA:534,1
DA:535,1
DA:536,1
DA:538,1
DA:539,1
DA:541,1
DA:542,1
DA:544,1
DA:545,1
DA:547,7
DA:548,1
DA:549,1
DA:550,1
DA:551,1
DA:552,1
DA:553,1
DA:555,1
DA:556,1
DA:558,1
DA:559,1
DA:561,7
DA:562,1
DA:563,1
DA:565,1
DA:566,1
DA:568,7
DA:569,1
DA:570,1
DA:572,1
DA:573,1
DA:575,7
DA:576,1
DA:577,1
DA:579,1
DA:580,1
DA:582,1
DA:583,1
DA:585,7
DA:586,1
DA:588,1
DA:591,1
DA:594,1
DA:595,1
DA:597,7
DA:598,1
DA:599,1
DA:600,1
DA:601,1
DA:603,1
DA:604,1
DA:606,1
DA:607,1
DA:609,1
DA:610,1
DA:612,7
DA:613,1
DA:614,1
DA:616,1
DA:617,1
DA:619,1
DA:620,1
DA:622,7
DA:623,1
DA:624,1
DA:626,1
DA:627,1
DA:629,1
DA:630,1
DA:632,7
DA:633,1
DA:634,1
DA:636,1
DA:637,1
DA:639,1
DA:640,1
DA:642,7
DA:643,1
DA:644,1
DA:646,1
DA:647,1
DA:649,1
DA:650,1
DA:653,7
DA:654,1
DA:655,1
DA:656,1
DA:657,1
DA:659,1
DA:660,1
DA:661,1
DA:662,1
DA:664,1
DA:665,1
DA:667,1
DA:668,1
DA:670,13
DA:671,6
DA:672,6
DA:673,6
DA:674,1
DA:675,1
DA:676,1
DA:677,1
DA:679,7
DA:680,1
DA:681,1
DA:683,1
DA:684,1
DA:686,1
DA:688,1
DA:690,1
DA:691,1
DA:692,1
DA:693,1
DA:695,7
DA:696,1
DA:697,1
DA:698,1
DA:699,1
DA:701,1
DA:702,1
DA:704,1
DA:705,1
DA:706,13
DA:707,6
DA:708,6
DA:709,6
DA:710,1
DA:711,1
DA:712,1
DA:714,7
DA:715,1
DA:716,1
DA:717,1
DA:718,1
DA:720,1
DA:721,1
DA:723,1
DA:724,1
DA:725,13
DA:726,6
DA:727,6
DA:728,6
DA:729,1
DA:730,1
DA:731,1
DA:733,7
DA:734,1
DA:735,1
DA:737,1
DA:738,1
DA:740,2
DA:741,1
DA:742,1
DA:744,7
DA:745,1
DA:746,1
DA:748,1
DA:749,1
DA:751,2
DA:752,1
DA:753,1
DA:755,7
DA:756,1
DA:757,1
DA:758,1
DA:759,1
DA:760,1
DA:761,1
DA:763,1
DA:764,1
DA:765,5
DA:766,4
DA:767,4
DA:768,1
DA:769,1
DA:771,7
DA:772,1
DA:773,1
DA:775,1
DA:776,1
DA:778,1
DA:779,1
DA:780,1
DA:782,7
DA:783,1
DA:784,1
DA:785,1
DA:786,1
DA:788,1
DA:789,1
DA:790,1
DA:791,1
DA:793,1
DA:794,1
DA:795,1
DA:797,7
DA:798,1
DA:799,1
DA:801,1
DA:802,1
DA:804,1
DA:805,1
DA:806,1
DA:808,7
DA:809,1
DA:810,1
DA:812,1
DA:813,1
DA:815,1
DA:816,1
DA:817,1
DA:819,7
DA:820,1
DA:821,1
DA:822,1
DA:823,1
DA:825,1
DA:826,1
DA:828,1
DA:829,1
DA:830,1
DA:831,1
DA:832,1
DA:833,1
DA:834,1
DA:835,1
DA:866,7
DA:868,1
DA:869,1
DA:870,1
DA:871,1
DA:872,1
DA:873,1
DA:875,1
DA:876,1
DA:878,1
DA:879,1
DA:880,1
DA:882,7
DA:883,1
DA:884,1
DA:885,1
DA:886,1
DA:888,7
DA:889,6
DA:890,6
DA:891,1
DA:893,7
DA:894,1
DA:895,1
DA:896,1
DA:897,1
DA:899,1
DA:900,1
DA:902,1
DA:903,1
DA:904,1
DA:905,1
DA:907,7
DA:908,1
DA:909,1
DA:910,1
DA:911,1
DA:913,1
DA:914,1
DA:916,6
DA:917,5
DA:918,5
DA:919,1
DA:921,7
DA:922,1
DA:923,1
DA:924,1
DA:925,1
DA:926,1
DA:928,1
DA:929,1
DA:931,1
DA:932,6
DA:933,5
DA:934,5
DA:935,1
DA:937,1
DA:938,1
DA:939,1
DA:940,1
DA:941,1
DA:942,1
DA:943,1
DA:948,7
DA:949,1
DA:950,1
DA:951,1
DA:952,1
DA:953,1
DA:955,1
DA:956,7
DA:957,6
DA:958,6
DA:959,1
DA:960,1
DA:961,1
DA:962,1
DA:963,7
DA:964,6
DA:965,6
DA:966,1
DA:968,7
DA:969,1
DA:970,1
DA:972,1
DA:974,1
DA:975,1
DA:977,1
DA:978,1
DA:989,1
DA:990,1
DA:991,1
LF:685
LH:685
end_of_record
